<?xml version="1.0" encoding="utf-8"?>
<test-run id="2" testcasecount="99" result="Passed" total="99" passed="99" failed="0" inconclusive="0" skipped="0" asserts="0" engine-version="3.5.0.0" clr-version="4.0.30319.42000" start-time="2025-03-24 03:54:46Z" end-time="2025-03-24 03:55:35Z" duration="48.1201553">
  <test-suite type="TestSuite" id="1310" name="core.utils" fullname="core.utils" runstate="Runnable" testcasecount="282" result="Passed" start-time="2025-03-24 03:54:46Z" end-time="2025-03-24 03:55:35Z" duration="48.120155" total="99" passed="99" failed="0" inconclusive="0" skipped="0" asserts="0">
    <properties>
      <property name="platform" value="EditMode" />
    </properties>
    <test-suite type="Assembly" id="1297" name="TByd.Core.Utils.Tests.Editor.dll" fullname="H:/TYPersonal/TByd-Core-Projects/TByd.Core.Utils/Library/ScriptAssemblies/TByd.Core.Utils.Tests.Editor.dll" runstate="Runnable" testcasecount="282" result="Passed" start-time="2025-03-24 03:54:46Z" end-time="2025-03-24 03:55:35Z" duration="48.104613" total="99" passed="99" failed="0" inconclusive="0" skipped="0" asserts="0">
      <properties>
        <property name="_PID" value="724" />
        <property name="_APPDOMAIN" value="Unity Child Domain" />
        <property name="platform" value="EditMode" />
        <property name="EditorOnly" value="True" />
      </properties>
      <test-suite type="TestSuite" id="1298" name="TByd" fullname="TByd" runstate="Runnable" testcasecount="282" result="Passed" start-time="2025-03-24 03:54:46Z" end-time="2025-03-24 03:55:35Z" duration="48.097209" total="99" passed="99" failed="0" inconclusive="0" skipped="0" asserts="0">
        <properties />
        <test-suite type="TestSuite" id="1299" name="Core" fullname="TByd.Core" runstate="Runnable" testcasecount="282" result="Passed" start-time="2025-03-24 03:54:46Z" end-time="2025-03-24 03:55:35Z" duration="48.092222" total="99" passed="99" failed="0" inconclusive="0" skipped="0" asserts="0">
          <properties />
          <test-suite type="TestSuite" id="1300" name="Utils" fullname="TByd.Core.Utils" runstate="Runnable" testcasecount="282" result="Passed" start-time="2025-03-24 03:54:46Z" end-time="2025-03-24 03:55:35Z" duration="48.085352" total="99" passed="99" failed="0" inconclusive="0" skipped="0" asserts="0">
            <properties />
            <test-suite type="TestSuite" id="1301" name="Tests" fullname="TByd.Core.Utils.Tests" runstate="Runnable" testcasecount="282" result="Passed" start-time="2025-03-24 03:54:46Z" end-time="2025-03-24 03:55:35Z" duration="48.078871" total="99" passed="99" failed="0" inconclusive="0" skipped="0" asserts="0">
              <properties />
              <test-suite type="TestSuite" id="1302" name="Editor" fullname="TByd.Core.Utils.Tests.Editor" runstate="Runnable" testcasecount="282" result="Passed" start-time="2025-03-24 03:54:46Z" end-time="2025-03-24 03:55:35Z" duration="48.072720" total="99" passed="99" failed="0" inconclusive="0" skipped="0" asserts="0">
                <properties />
                <test-suite type="TestSuite" id="1304" name="Performance" fullname="TByd.Core.Utils.Tests.Editor.Performance" runstate="Runnable" testcasecount="99" result="Passed" start-time="2025-03-24 03:54:46Z" end-time="2025-03-24 03:55:35Z" duration="48.067103" total="99" passed="99" failed="0" inconclusive="0" skipped="0" asserts="0">
                  <properties />
                  <test-suite type="TestFixture" id="1191" name="CollectionUtilsPerformanceTests" fullname="TByd.Core.Utils.Tests.Editor.Performance.CollectionUtilsPerformanceTests" classname="TByd.Core.Utils.Tests.Editor.Performance.CollectionUtilsPerformanceTests" runstate="Runnable" testcasecount="18" result="Passed" start-time="2025-03-24 03:54:46Z" end-time="2025-03-24 03:54:52Z" duration="5.257229" total="18" passed="18" failed="0" inconclusive="0" skipped="0" asserts="0">
                    <properties />
                    <test-case id="1208" name="CollectionMethods_SizeComparison_Performance" fullname="TByd.Core.Utils.Tests.Editor.Performance.CollectionUtilsPerformanceTests.CollectionMethods_SizeComparison_Performance" methodname="CollectionMethods_SizeComparison_Performance" classname="TByd.Core.Utils.Tests.Editor.Performance.CollectionUtilsPerformanceTests" runstate="Runnable" seed="2142646286" result="Passed" start-time="2025-03-24 03:54:47Z" end-time="2025-03-24 03:54:47Z" duration="0.594452" asserts="0">
                      <properties>
                        <property name="Category" value="Performance" />
                        <property name="retryIteration" value="0" />
                        <property name="repeatIteration" value="0" />
                      </properties>
                      <output><![CDATA[Time.GC() in Undefineds
Min:		14.00 
Median:		118.00 
Max:		1025.00 
Avg:		385.74 
StdDev:		452.79 
SampleCount:	39
Sum:		15044.00 
First samples:	▁▁▁▁▁▁▁▁▁▁▁▁▁▂▂▂▂▂▂▂▂▂▂▂▂▂█████████████
Histogram:	██▁▁▁▁▁▁█

Time in Milliseconds
Min:		0.03 ms
Median:		0.08 ms
Max:		0.55 ms
Avg:		0.20 ms
StdDev:		0.21 ms
SampleCount:	30
Sum:		6.08 ms
First samples:	▁▁▁▁▁▁▁▁▁▁▂▂▂▂▂▂▂▂▂▂▇██▇▇▇▇▇▇▇
Histogram:	█▇▁▁▁▃▂▁▅


##performancetestresult2:{"Name":"TByd.Core.Utils.Tests.Editor.Performance.CollectionUtilsPerformanceTests.CollectionMethods_SizeComparison_Performance","ClassName":"TByd.Core.Utils.Tests.Editor.Performance.CollectionUtilsPerformanceTests","MethodName":"CollectionMethods_SizeComparison_Performance","Version":"1","Categories":["Performance"],"SampleGroups":[{"Name":"Time.GC()","Unit":8,"IncreaseIsBetter":false,"Samples":[19.0,16.0,16.0,16.0,16.0,14.0,16.0,16.0,16.0,16.0,16.0,16.0,16.0,109.0,118.0,118.0,118.0,118.0,124.0,118.0,118.0,118.0,118.0,118.0,118.0,118.0,1025.0,1024.0,1024.0,1024.0,1023.0,1023.0,1023.0,1023.0,1023.0,1023.0,1023.0,1023.0,1023.0],"Min":14.0,"Max":1025.0,"Median":118.0,"Average":385.7435897435897,"StandardDeviation":452.7913833299866,"Sum":15044.0},{"Name":"Time","Unit":2,"IncreaseIsBetter":false,"Samples":[0.03380000000000649,0.03310000000000457,0.030500000000003526,0.033699999999996069,0.03300000000001546,0.03120000000001255,0.03659999999999286,0.03669999999999618,0.03460000000001173,0.03440000000000509,0.0759000000000043,0.07979999999999166,0.07920000000000016,0.07739999999999725,0.07779999999999632,0.07930000000000348,0.07339999999999236,0.07630000000000337,0.07510000000002037,0.07579999999998677,0.4917000000000016,0.5531000000000006,0.5197000000000003,0.49209999999999357,0.4818000000000069,0.4843999999999937,0.4876000000000005,0.4825000000000017,0.4922000000000111,0.4848999999999819],"Min":0.030500000000003526,"Max":0.5531000000000006,"Median":0.07685000000000031,"Average":0.20258666666666776,"StandardDeviation":0.20929911726734125,"Sum":6.077600000000032}]}
##performancetestruninfo2:{"TestSuite":"Editmode","Date":1742788486847,"Player":{"Development":true,"ScreenWidth":1920,"ScreenHeight":1080,"ScreenRefreshRate":60,"Fullscreen":false,"Vsync":1,"AntiAliasing":2,"Batchmode":false,"RenderThreadingMode":"MultiThreaded","GpuSkinning":true,"Platform":"WindowsEditor","ColorSpace":"Gamma","AnisotropicFiltering":"ForceEnable","BlendWeights":"FourBones","GraphicsApi":"Direct3D11","ScriptingBackend":"Mono2x","AndroidTargetSdkVersion":"AndroidApiLevelAuto","AndroidBuildSystem":"Gradle","BuildTarget":"Android","StereoRenderingPath":"MultiPass"},"Hardware":{"OperatingSystem":"Windows 10  (10.0.19045) 64bit","DeviceModel":"System Product Name (System manufacturer)","DeviceName":"SK-20230404XTDL","ProcessorType":"Intel(R) Core(TM) i5-9400 CPU @ 2.90GHz","ProcessorCount":6,"GraphicsDeviceName":"NVIDIA GeForce GTX 1050 Ti","SystemMemorySizeMB":32701},"Editor":{"Version":"2021.3.8f1","Branch":"2021.3/staging","Changeset":"b30333d56e81","Date":1658911624},"Dependencies":["com.cysharp.unitask@2.5.10","com.unity.collab-proxy@1.17.1","com.unity.feature.development@1.0.1","com.unity.ide.rider@3.0.34","com.unity.test-framework@1.4.6","com.unity.test-framework.performance@3.0.2","com.unity.textmeshpro@3.0.6","com.unity.timeline@1.6.4","com.unity.ugui@1.0.0","com.unity.visualscripting@1.7.8","com.unity.modules.ai@1.0.0","com.unity.modules.androidjni@1.0.0","com.unity.modules.animation@1.0.0","com.unity.modules.assetbundle@1.0.0","com.unity.modules.audio@1.0.0","com.unity.modules.cloth@1.0.0","com.unity.modules.director@1.0.0","com.unity.modules.imageconversion@1.0.0","com.unity.modules.imgui@1.0.0","com.unity.modules.jsonserialize@1.0.0","com.unity.modules.particlesystem@1.0.0","com.unity.modules.physics@1.0.0","com.unity.modules.physics2d@1.0.0","com.unity.modules.screencapture@1.0.0","com.unity.modules.terrain@1.0.0","com.unity.modules.terrainphysics@1.0.0","com.unity.modules.tilemap@1.0.0","com.unity.modules.ui@1.0.0","com.unity.modules.uielements@1.0.0","com.unity.modules.umbra@1.0.0","com.unity.modules.unityanalytics@1.0.0","com.unity.modules.unitywebrequest@1.0.0","com.unity.modules.unitywebrequestassetbundle@1.0.0","com.unity.modules.unitywebrequestaudio@1.0.0","com.unity.modules.unitywebrequesttexture@1.0.0","com.unity.modules.unitywebrequestwww@1.0.0","com.unity.modules.vehicles@1.0.0","com.unity.modules.video@1.0.0","com.unity.modules.vr@1.0.0","com.unity.modules.wind@1.0.0","com.unity.modules.xr@1.0.0","com.unity.modules.subsystems@1.0.0","com.unity.modules.uielementsnative@1.0.0","com.unity.ext.nunit@2.0.3","com.unity.ide.visualstudio@2.0.16","com.unity.ide.vscode@1.2.5","com.unity.editorcoroutines@1.0.0","com.unity.performance.profile-analyzer@1.1.1","com.unity.testtools.codecoverage@1.0.1","com.unity.services.core@1.4.2","com.unity.settings-manager@1.0.3","com.unity.nuget.newtonsoft-json@3.0.2"],"Results":[]}
]]></output>
                    </test-case>
                    <test-case id="1209" name="CollectionUtils_GCAllocation" fullname="TByd.Core.Utils.Tests.Editor.Performance.CollectionUtilsPerformanceTests.CollectionUtils_GCAllocation" methodname="CollectionUtils_GCAllocation" classname="TByd.Core.Utils.Tests.Editor.Performance.CollectionUtilsPerformanceTests" runstate="Runnable" seed="1695425495" result="Passed" start-time="2025-03-24 03:54:47Z" end-time="2025-03-24 03:54:47Z" duration="0.209140" asserts="0">
                      <properties>
                        <property name="Category" value="Performance" />
                        <property name="retryIteration" value="0" />
                        <property name="repeatIteration" value="0" />
                      </properties>
                      <output><![CDATA[
##performancetestresult2:{"Name":"TByd.Core.Utils.Tests.Editor.Performance.CollectionUtilsPerformanceTests.CollectionUtils_GCAllocation","ClassName":"TByd.Core.Utils.Tests.Editor.Performance.CollectionUtilsPerformanceTests","MethodName":"CollectionUtils_GCAllocation","Version":"1","Categories":["Performance"],"SampleGroups":[]}
]]></output>
                    </test-case>
                    <test-case id="1207" name="DeepCopy_GCAllocation" fullname="TByd.Core.Utils.Tests.Editor.Performance.CollectionUtilsPerformanceTests.DeepCopy_GCAllocation" methodname="DeepCopy_GCAllocation" classname="TByd.Core.Utils.Tests.Editor.Performance.CollectionUtilsPerformanceTests" runstate="Runnable" seed="1850538815" result="Passed" start-time="2025-03-24 03:54:47Z" end-time="2025-03-24 03:54:47Z" duration="0.095994" asserts="0">
                      <properties>
                        <property name="Category" value="Performance" />
                        <property name="retryIteration" value="0" />
                        <property name="repeatIteration" value="0" />
                      </properties>
                      <output><![CDATA[
##performancetestresult2:{"Name":"TByd.Core.Utils.Tests.Editor.Performance.CollectionUtilsPerformanceTests.DeepCopy_GCAllocation","ClassName":"TByd.Core.Utils.Tests.Editor.Performance.CollectionUtilsPerformanceTests","MethodName":"DeepCopy_GCAllocation","Version":"1","Categories":["Performance"],"SampleGroups":[]}
]]></output>
                    </test-case>
                    <test-case id="1206" name="DeepCopy_Performance" fullname="TByd.Core.Utils.Tests.Editor.Performance.CollectionUtilsPerformanceTests.DeepCopy_Performance" methodname="DeepCopy_Performance" classname="TByd.Core.Utils.Tests.Editor.Performance.CollectionUtilsPerformanceTests" runstate="Runnable" seed="810048745" result="Passed" start-time="2025-03-24 03:54:47Z" end-time="2025-03-24 03:54:48Z" duration="0.269888" asserts="0">
                      <properties>
                        <property name="Category" value="Performance" />
                        <property name="retryIteration" value="0" />
                        <property name="repeatIteration" value="0" />
                      </properties>
                      <output><![CDATA[DeepCopy_性能 in Milliseconds
Min:		0.20 ms
Median:		0.21 ms
Max:		0.22 ms
Avg:		0.21 ms
StdDev:		0.01 ms
SampleCount:	10
Sum:		2.07 ms
First samples:	▅█▃▃▂▁▁▁▄▂
(not enough samples for histogram)

DeepCopy_性能_GC in Bytes
Min:		0.00 b
Median:		0.00 b
Max:		0.00 b
Avg:		0.00 b
StdDev:		0.00 b
SampleCount:	10
Sum:		0.00 b
First samples:	▁▁▁▁▁▁▁▁▁▁
(not enough samples for histogram)

DeepCopy_性能_优化 in Milliseconds
Min:		0.24 ms
Median:		0.25 ms
Max:		0.30 ms
Avg:		0.26 ms
StdDev:		0.02 ms
SampleCount:	10
Sum:		2.56 ms
First samples:	▂▃▁▂▁▂▁▁▁█
(not enough samples for histogram)

DeepCopy_性能_优化_GC in Bytes
Min:		0.00 b
Median:		0.00 b
Max:		0.00 b
Avg:		0.00 b
StdDev:		0.00 b
SampleCount:	10
Sum:		0.00 b
First samples:	▁▁▁▁▁▁▁▁▁▁
(not enough samples for histogram)


##performancetestresult2:{"Name":"TByd.Core.Utils.Tests.Editor.Performance.CollectionUtilsPerformanceTests.DeepCopy_Performance","ClassName":"TByd.Core.Utils.Tests.Editor.Performance.CollectionUtilsPerformanceTests","MethodName":"DeepCopy_Performance","Version":"1","Categories":["Performance"],"SampleGroups":[{"Name":"DeepCopy_性能","Unit":2,"IncreaseIsBetter":false,"Samples":[0.21195411682128907,0.22113323211669923,0.20778179168701173,0.2065896987915039,0.2034902572631836,0.20170211791992188,0.20062923431396485,0.20170211791992188,0.21004676818847657,0.20432472229003907],"Min":0.20062923431396485,"Max":0.22113323211669923,"Median":0.20545721054077149,"Average":0.20693540573120118,"StandardDeviation":0.005920382677369647,"Sum":2.0693540573120119},{"Name":"DeepCopy_性能_GC","Unit":4,"IncreaseIsBetter":false,"Samples":[0.0,0.0,0.0,0.0,0.0,0.0,0.0,0.0,0.0,0.0],"Min":0.0,"Max":0.0,"Median":0.0,"Average":0.0,"StandardDeviation":0.0,"Sum":0.0},{"Name":"DeepCopy_性能_优化","Unit":2,"IncreaseIsBetter":false,"Samples":[0.25594234466552737,0.2650022506713867,0.24771690368652345,0.25010108947753909,0.24497509002685548,0.25475025177001955,0.2448558807373047,0.24616718292236329,0.24890899658203126,0.30171871185302737],"Min":0.2448558807373047,"Max":0.30171871185302737,"Median":0.24950504302978517,"Average":0.2560138702392578,"StandardDeviation":0.01633682308986219,"Sum":2.560138702392578},{"Name":"DeepCopy_性能_优化_GC","Unit":4,"IncreaseIsBetter":false,"Samples":[0.0,0.0,0.0,0.0,0.0,0.0,0.0,0.0,0.0,0.0],"Min":0.0,"Max":0.0,"Median":0.0,"Average":0.0,"StandardDeviation":0.0,"Sum":0.0}]}
]]></output>
                    </test-case>
                    <test-case id="1195" name="ForEach_GCAllocation" fullname="TByd.Core.Utils.Tests.Editor.Performance.CollectionUtilsPerformanceTests.ForEach_GCAllocation" methodname="ForEach_GCAllocation" classname="TByd.Core.Utils.Tests.Editor.Performance.CollectionUtilsPerformanceTests" runstate="Runnable" seed="970966998" result="Passed" start-time="2025-03-24 03:54:48Z" end-time="2025-03-24 03:54:48Z" duration="0.070180" asserts="0">
                      <properties>
                        <property name="Category" value="Performance" />
                        <property name="retryIteration" value="0" />
                        <property name="repeatIteration" value="0" />
                      </properties>
                      <output><![CDATA[
##performancetestresult2:{"Name":"TByd.Core.Utils.Tests.Editor.Performance.CollectionUtilsPerformanceTests.ForEach_GCAllocation","ClassName":"TByd.Core.Utils.Tests.Editor.Performance.CollectionUtilsPerformanceTests","MethodName":"ForEach_GCAllocation","Version":"1","Categories":["Performance"],"SampleGroups":[]}
]]></output>
                    </test-case>
                    <test-case id="1194" name="ForEach_Performance" fullname="TByd.Core.Utils.Tests.Editor.Performance.CollectionUtilsPerformanceTests.ForEach_Performance" methodname="ForEach_Performance" classname="TByd.Core.Utils.Tests.Editor.Performance.CollectionUtilsPerformanceTests" runstate="Runnable" seed="1969796631" result="Passed" start-time="2025-03-24 03:54:48Z" end-time="2025-03-24 03:54:48Z" duration="0.613034" asserts="0">
                      <properties>
                        <property name="Category" value="Performance" />
                        <property name="retryIteration" value="0" />
                        <property name="repeatIteration" value="0" />
                      </properties>
                      <output><![CDATA[Time.GC() in Undefineds
Min:		0.00 
Median:		3.00 
Max:		5.00 
Avg:		2.29 
StdDev:		1.52 
SampleCount:	52
Sum:		119.00 
First samples:	█▅▅▅▅▅▅█▅▅▅▅███▅▅▅▇▅▅▅▅▇▅▅▂▁▁▁▁▁▁▁▁▁▁▁▁▇▄▄▄▄▄▄▄▄▄▄▄▄
Histogram:	▅▁▁▁▅█▁▂▁▃

Time in Milliseconds
Min:		0.00 ms
Median:		0.01 ms
Max:		0.26 ms
Avg:		0.01 ms
StdDev:		0.04 ms
SampleCount:	40
Sum:		0.60 ms
First samples:	▁▁▁▁▁▁▁▁▁▁▁▁▁▁▁▁▁█▁▁▁▁▁▁▁▁▁▁▁▁▁▁▁▁▁▁▁▁▁▁
Histogram:	█▁▁▁▃▄▁▁▁▂


##performancetestresult2:{"Name":"TByd.Core.Utils.Tests.Editor.Performance.CollectionUtilsPerformanceTests.ForEach_Performance","ClassName":"TByd.Core.Utils.Tests.Editor.Performance.CollectionUtilsPerformanceTests","MethodName":"ForEach_Performance","Version":"1","Categories":["Performance"],"SampleGroups":[{"Name":"Time.GC()","Unit":8,"IncreaseIsBetter":false,"Samples":[5.0,3.0,3.0,3.0,3.0,3.0,3.0,5.0,3.0,3.0,3.0,3.0,5.0,5.0,5.0,3.0,3.0,3.0,4.0,3.0,3.0,3.0,3.0,4.0,3.0,3.0,1.0,0.0,0.0,0.0,0.0,0.0,0.0,0.0,0.0,0.0,0.0,0.0,0.0,4.0,2.0,2.0,2.0,2.0,2.0,2.0,2.0,2.0,2.0,2.0,2.0,2.0],"Min":0.0,"Max":5.0,"Median":3.0,"Average":2.2884615384615385,"StandardDeviation":1.5233634151687359,"Sum":119.0},{"Name":"Time","Unit":2,"IncreaseIsBetter":false,"Samples":[0.010000000000005116,0.011399999999994748,0.010199999999997545,0.01100000000000989,0.008300000000005526,0.01100000000000989,0.009799999999998477,0.009800000000012688,0.01310000000000855,0.008799999999979491,0.01120000000000232,0.011600000000001387,0.013400000000004298,0.012199999999992884,0.011099999999999,0.012200000000007094,0.011600000000001387,0.2628999999999877,0.01099999999999568,0.011300000000005639,0.005200000000002092,0.004100000000001103,0.0045000000000001709,0.004699999999999704,0.004499999999993065,0.004799999999988813,0.004400000000003956,0.0049999999999954529,0.004600000000010596,0.004099999999993997,0.00999999999999801,0.007199999999997431,0.006399999999999295,0.007699999999999818,0.00730000000000075,0.007800000000003138,0.009399999999999409,0.008200000000002206,0.009000000000000341,0.0070999999999799],"Min":0.004099999999993997,"Max":0.2628999999999877,"Median":0.009199999999999875,"Average":0.014947499999999715,"StandardDeviation":0.03980391304570265,"Sum":0.5978999999999886}]}
]]></output>
                    </test-case>
                    <test-case id="1196" name="ForEach_WithIndex_Performance" fullname="TByd.Core.Utils.Tests.Editor.Performance.CollectionUtilsPerformanceTests.ForEach_WithIndex_Performance" methodname="ForEach_WithIndex_Performance" classname="TByd.Core.Utils.Tests.Editor.Performance.CollectionUtilsPerformanceTests" runstate="Runnable" seed="822293200" result="Passed" start-time="2025-03-24 03:54:48Z" end-time="2025-03-24 03:54:49Z" duration="0.346027" asserts="0">
                      <properties>
                        <property name="Category" value="Performance" />
                        <property name="retryIteration" value="0" />
                        <property name="repeatIteration" value="0" />
                      </properties>
                      <output><![CDATA[Time.GC() in Undefineds
Min:		0.00 
Median:		2.50 
Max:		11.00 
Avg:		2.00 
StdDev:		2.42 
SampleCount:	26
Sum:		52.00 
First samples:	▄▄▃█▃▃▃▃▃▃▃▃▃▂▁▁▁▁▁▁▁▁▁▁▁▁
Histogram:	█▂▁▁▂▃▁▁▁▂

Time in Milliseconds
Min:		0.00 ms
Median:		0.01 ms
Max:		0.04 ms
Avg:		0.01 ms
StdDev:		0.01 ms
SampleCount:	20
Sum:		0.19 ms
First samples:	▂▃▃▃▃▃▃▃▃▃▁▁█▁▁▁▁▁▁▁
Histogram:	█▃▁▁▂▃▁▁▁▂


##performancetestresult2:{"Name":"TByd.Core.Utils.Tests.Editor.Performance.CollectionUtilsPerformanceTests.ForEach_WithIndex_Performance","ClassName":"TByd.Core.Utils.Tests.Editor.Performance.CollectionUtilsPerformanceTests","MethodName":"ForEach_WithIndex_Performance","Version":"1","Categories":["Performance"],"SampleGroups":[{"Name":"Time.GC()","Unit":8,"IncreaseIsBetter":false,"Samples":[5.0,4.0,3.0,11.0,3.0,3.0,3.0,3.0,3.0,3.0,3.0,3.0,3.0,2.0,0.0,0.0,0.0,0.0,0.0,0.0,0.0,0.0,0.0,0.0,0.0,0.0],"Min":0.0,"Max":11.0,"Median":2.5,"Average":2.0,"StandardDeviation":2.4178820993079555,"Sum":52.0},{"Name":"Time","Unit":2,"IncreaseIsBetter":false,"Samples":[0.007699999999999818,0.013500000000000512,0.01290000000000191,0.013399999999990087,0.013199999999997658,0.012399999999999523,0.011899999999997135,0.013400000000018509,0.011400000000008959,0.014299999999991542,0.003500000000002501,0.0033999999999991816,0.03840000000000998,0.003500000000002501,0.003900000000001569,0.0030000000000001139,0.003199999999992542,0.0033999999999991816,0.004299999999972215,0.0033999999999991816],"Min":0.0030000000000001139,"Max":0.03840000000000998,"Median":0.009550000000004389,"Average":0.009704999999999232,"StandardDeviation":0.007981445671057722,"Sum":0.19409999999998463}]}
]]></output>
                    </test-case>
                    <test-case id="1201" name="GetRandomElement_GCAllocation" fullname="TByd.Core.Utils.Tests.Editor.Performance.CollectionUtilsPerformanceTests.GetRandomElement_GCAllocation" methodname="GetRandomElement_GCAllocation" classname="TByd.Core.Utils.Tests.Editor.Performance.CollectionUtilsPerformanceTests" runstate="Runnable" seed="179086354" result="Passed" start-time="2025-03-24 03:54:49Z" end-time="2025-03-24 03:54:49Z" duration="0.086181" asserts="0">
                      <properties>
                        <property name="Category" value="Performance" />
                        <property name="retryIteration" value="0" />
                        <property name="repeatIteration" value="0" />
                      </properties>
                      <output><![CDATA[
##performancetestresult2:{"Name":"TByd.Core.Utils.Tests.Editor.Performance.CollectionUtilsPerformanceTests.GetRandomElement_GCAllocation","ClassName":"TByd.Core.Utils.Tests.Editor.Performance.CollectionUtilsPerformanceTests","MethodName":"GetRandomElement_GCAllocation","Version":"1","Categories":["Performance"],"SampleGroups":[]}
]]></output>
                    </test-case>
                    <test-case id="1199" name="GetRandomElement_Performance" fullname="TByd.Core.Utils.Tests.Editor.Performance.CollectionUtilsPerformanceTests.GetRandomElement_Performance" methodname="GetRandomElement_Performance" classname="TByd.Core.Utils.Tests.Editor.Performance.CollectionUtilsPerformanceTests" runstate="Runnable" seed="285018754" result="Passed" start-time="2025-03-24 03:54:49Z" end-time="2025-03-24 03:54:49Z" duration="0.343741" asserts="0">
                      <properties>
                        <property name="Category" value="Performance" />
                        <property name="retryIteration" value="0" />
                        <property name="repeatIteration" value="0" />
                      </properties>
                      <output><![CDATA[GetRandomElement_性能 in Milliseconds
Min:		0.45 ms
Median:		0.46 ms
Max:		0.48 ms
Avg:		0.46 ms
StdDev:		0.01 ms
SampleCount:	10
Sum:		4.61 ms
First samples:	▁▃▃▄▂▄▁▃▃█
(not enough samples for histogram)

GetRandomElement_性能_GC in Bytes
Min:		0.00 b
Median:		0.00 b
Max:		0.00 b
Avg:		0.00 b
StdDev:		0.00 b
SampleCount:	10
Sum:		0.00 b
First samples:	▁▁▁▁▁▁▁▁▁▁
(not enough samples for histogram)

GetRandomElement_性能_优化 in Milliseconds
Min:		0.65 ms
Median:		0.65 ms
Max:		0.69 ms
Avg:		0.66 ms
StdDev:		0.01 ms
SampleCount:	10
Sum:		6.60 ms
First samples:	▄█▄▁▁▁▂▂▅▂
(not enough samples for histogram)

GetRandomElement_性能_优化_GC in Bytes
Min:		0.00 b
Median:		0.00 b
Max:		0.00 b
Avg:		0.00 b
StdDev:		0.00 b
SampleCount:	10
Sum:		0.00 b
First samples:	▁▁▁▁▁▁▁▁▁▁
(not enough samples for histogram)


##performancetestresult2:{"Name":"TByd.Core.Utils.Tests.Editor.Performance.CollectionUtilsPerformanceTests.GetRandomElement_Performance","ClassName":"TByd.Core.Utils.Tests.Editor.Performance.CollectionUtilsPerformanceTests","MethodName":"GetRandomElement_Performance","Version":"1","Categories":["Performance"],"SampleGroups":[{"Name":"GetRandomElement_性能","Unit":2,"IncreaseIsBetter":false,"Samples":[0.4546642303466797,0.4603862762451172,0.46181678771972659,0.46253204345703127,0.4589557647705078,0.4634857177734375,0.4546642303466797,0.4596710205078125,0.46133995056152346,0.4761219024658203],"Min":0.4546642303466797,"Max":0.4761219024658203,"Median":0.4608631134033203,"Average":0.4613637924194336,"StandardDeviation":0.005685620799169859,"Sum":4.613637924194336},{"Name":"GetRandomElement_性能_GC","Unit":4,"IncreaseIsBetter":false,"Samples":[0.0,0.0,0.0,0.0,0.0,0.0,0.0,0.0,0.0,0.0],"Min":0.0,"Max":0.0,"Median":0.0,"Average":0.0,"StandardDeviation":0.0,"Sum":0.0},{"Name":"GetRandomElement_性能_优化","Unit":2,"IncreaseIsBetter":false,"Samples":[0.6656646728515625,0.690460205078125,0.6644725799560547,0.6487369537353516,0.6504058837890625,0.6482601165771484,0.6532669067382813,0.6527900695800781,0.6737709045410156,0.6551742553710938],"Min":0.6482601165771484,"Max":0.690460205078125,"Median":0.6542205810546875,"Average":0.6603002548217773,"StandardDeviation":0.012829600376640683,"Sum":6.603002548217773},{"Name":"GetRandomElement_性能_优化_GC","Unit":4,"IncreaseIsBetter":false,"Samples":[0.0,0.0,0.0,0.0,0.0,0.0,0.0,0.0,0.0,0.0],"Min":0.0,"Max":0.0,"Median":0.0,"Average":0.0,"StandardDeviation":0.0,"Sum":0.0}]}
]]></output>
                    </test-case>
                    <test-case id="1200" name="GetRandomElement_VariousSizes_Performance" fullname="TByd.Core.Utils.Tests.Editor.Performance.CollectionUtilsPerformanceTests.GetRandomElement_VariousSizes_Performance" methodname="GetRandomElement_VariousSizes_Performance" classname="TByd.Core.Utils.Tests.Editor.Performance.CollectionUtilsPerformanceTests" runstate="Runnable" seed="1742616707" result="Passed" start-time="2025-03-24 03:54:49Z" end-time="2025-03-24 03:54:49Z" duration="0.073046" asserts="0">
                      <properties>
                        <property name="Category" value="Performance" />
                        <property name="retryIteration" value="0" />
                        <property name="repeatIteration" value="0" />
                      </properties>
                      <output><![CDATA[Time in Milliseconds
Min:		0.64 ms
Median:		0.65 ms
Max:		0.79 ms
Avg:		0.66 ms
StdDev:		0.04 ms
SampleCount:	15
Sum:		9.93 ms
First samples:	▃▂█▁▂▂▂▂▂▂▁▁▁▁▁
Histogram:	█▃▁▁▂▃▁▁▁▁


##performancetestresult2:{"Name":"TByd.Core.Utils.Tests.Editor.Performance.CollectionUtilsPerformanceTests.GetRandomElement_VariousSizes_Performance","ClassName":"TByd.Core.Utils.Tests.Editor.Performance.CollectionUtilsPerformanceTests","MethodName":"GetRandomElement_VariousSizes_Performance","Version":"1","Categories":["Performance"],"SampleGroups":[{"Name":"Time","Unit":2,"IncreaseIsBetter":false,"Samples":[0.6749,0.6517999999999997,0.7915000000000001,0.6486999999999998,0.6601999999999997,0.6596000000000002,0.6601999999999997,0.6579000000000006,0.6594999999999995,0.6545000000000005,0.6442999999999999,0.6396999999999995,0.6471,0.6387999999999998,0.6444999999999999],"Min":0.6387999999999998,"Max":0.7915000000000001,"Median":0.6545000000000005,"Average":0.6622133333333333,"StandardDeviation":0.035763610307437177,"Sum":9.9332}]}
]]></output>
                    </test-case>
                    <test-case id="1193" name="IsNullOrEmpty_GCAllocation" fullname="TByd.Core.Utils.Tests.Editor.Performance.CollectionUtilsPerformanceTests.IsNullOrEmpty_GCAllocation" methodname="IsNullOrEmpty_GCAllocation" classname="TByd.Core.Utils.Tests.Editor.Performance.CollectionUtilsPerformanceTests" runstate="Runnable" seed="1626750250" result="Passed" start-time="2025-03-24 03:54:49Z" end-time="2025-03-24 03:54:49Z" duration="0.087169" asserts="0">
                      <properties>
                        <property name="Category" value="Performance" />
                        <property name="retryIteration" value="0" />
                        <property name="repeatIteration" value="0" />
                      </properties>
                      <output><![CDATA[
##performancetestresult2:{"Name":"TByd.Core.Utils.Tests.Editor.Performance.CollectionUtilsPerformanceTests.IsNullOrEmpty_GCAllocation","ClassName":"TByd.Core.Utils.Tests.Editor.Performance.CollectionUtilsPerformanceTests","MethodName":"IsNullOrEmpty_GCAllocation","Version":"1","Categories":["Performance"],"SampleGroups":[]}
]]></output>
                    </test-case>
                    <test-case id="1192" name="IsNullOrEmpty_Performance" fullname="TByd.Core.Utils.Tests.Editor.Performance.CollectionUtilsPerformanceTests.IsNullOrEmpty_Performance" methodname="IsNullOrEmpty_Performance" classname="TByd.Core.Utils.Tests.Editor.Performance.CollectionUtilsPerformanceTests" runstate="Runnable" seed="2000898416" result="Passed" start-time="2025-03-24 03:54:49Z" end-time="2025-03-24 03:54:50Z" duration="0.470271" asserts="0">
                      <properties>
                        <property name="Category" value="Performance" />
                        <property name="retryIteration" value="0" />
                        <property name="repeatIteration" value="0" />
                      </properties>
                      <output><![CDATA[Time.GC() in Undefineds
Min:		2.00 
Median:		2.00 
Max:		10002.00 
Avg:		3335.51 
StdDev:		4713.92 
SampleCount:	39
Sum:		130085.00 
First samples:	▁▁▁▁▁▁▁▁▁▁▁▁▁▁▁▁▁▁▁▁▁▁▁▁▁▁█████████████
Histogram:	█▂▁▁▂▂▁▁▂▁

Time in Milliseconds
Min:		0.15 ms
Median:		0.17 ms
Max:		1.97 ms
Avg:		0.75 ms
StdDev:		0.83 ms
SampleCount:	30
Sum:		22.38 ms
First samples:	▁▁▁▁▁▁▁▁▁▁▁▁▁▁▁▁▁▁▁▁██████████
Histogram:	█▂▁▁▂▂▂▁▂▁


##performancetestresult2:{"Name":"TByd.Core.Utils.Tests.Editor.Performance.CollectionUtilsPerformanceTests.IsNullOrEmpty_Performance","ClassName":"TByd.Core.Utils.Tests.Editor.Performance.CollectionUtilsPerformanceTests","MethodName":"IsNullOrEmpty_Performance","Version":"1","Categories":["Performance"],"SampleGroups":[{"Name":"Time.GC()","Unit":8,"IncreaseIsBetter":false,"Samples":[2.0,2.0,2.0,2.0,2.0,2.0,2.0,2.0,2.0,2.0,9.0,2.0,2.0,2.0,2.0,2.0,2.0,2.0,2.0,2.0,2.0,2.0,2.0,2.0,2.0,2.0,10002.0,10002.0,10002.0,10002.0,10002.0,10002.0,10002.0,10002.0,10002.0,10002.0,10002.0,10002.0,10002.0],"Min":2.0,"Max":10002.0,"Median":2.0,"Average":3335.5128205128203,"StandardDeviation":4713.918419448967,"Sum":130085.0},{"Name":"Time","Unit":2,"IncreaseIsBetter":false,"Samples":[0.16540000000000533,0.16080000000000184,0.16310000000000003,0.1681999999999988,0.16899999999999694,0.15980000000000417,0.1617000000000104,0.14880000000000849,0.16689999999999828,0.15799999999998705,0.15899999999999893,0.15639999999999788,0.15990000000000038,0.1634999999999991,0.1670999999999907,0.15930000000000178,0.16130000000001133,0.16509999999999537,0.15109999999999958,0.1564000000000192,1.9624999999999986,1.8952000000000027,1.8897000000000049,1.8937999999999989,1.9081000000000046,1.9366999999999877,1.9026999999999959,1.967899999999986,1.8917999999999893,1.9107000000000199],"Min":0.14880000000000849,"Max":1.967899999999986,"Median":0.16525000000000035,"Average":0.7459966666666671,"StandardDeviation":0.8274208032528271,"Sum":22.379900000000015}]}
]]></output>
                    </test-case>
                    <test-case id="1203" name="Join_GCAllocation" fullname="TByd.Core.Utils.Tests.Editor.Performance.CollectionUtilsPerformanceTests.Join_GCAllocation" methodname="Join_GCAllocation" classname="TByd.Core.Utils.Tests.Editor.Performance.CollectionUtilsPerformanceTests" runstate="Runnable" seed="348170072" result="Passed" start-time="2025-03-24 03:54:50Z" end-time="2025-03-24 03:54:50Z" duration="0.085467" asserts="0">
                      <properties>
                        <property name="Category" value="Performance" />
                        <property name="retryIteration" value="0" />
                        <property name="repeatIteration" value="0" />
                      </properties>
                      <output><![CDATA[
##performancetestresult2:{"Name":"TByd.Core.Utils.Tests.Editor.Performance.CollectionUtilsPerformanceTests.Join_GCAllocation","ClassName":"TByd.Core.Utils.Tests.Editor.Performance.CollectionUtilsPerformanceTests","MethodName":"Join_GCAllocation","Version":"1","Categories":["Performance"],"SampleGroups":[]}
]]></output>
                    </test-case>
                    <test-case id="1202" name="Join_Performance" fullname="TByd.Core.Utils.Tests.Editor.Performance.CollectionUtilsPerformanceTests.Join_Performance" methodname="Join_Performance" classname="TByd.Core.Utils.Tests.Editor.Performance.CollectionUtilsPerformanceTests" runstate="Runnable" seed="864665959" result="Passed" start-time="2025-03-24 03:54:50Z" end-time="2025-03-24 03:54:50Z" duration="0.570241" asserts="0">
                      <properties>
                        <property name="Category" value="Performance" />
                        <property name="retryIteration" value="0" />
                        <property name="repeatIteration" value="0" />
                      </properties>
                      <output><![CDATA[Time.GC() in Undefineds
Min:		0.00 
Median:		2.00 
Max:		9.00 
Avg:		1.33 
StdDev:		1.54 
SampleCount:	52
Sum:		69.00 
First samples:	▄▃▃▃▃▃▃▃▃▃▃▃▃█▃▃▃▃▃▃▃▃▃▃▃▃▃▁▁▁▁▁▁▃▁▁▁▁▁▃▁▁▁▁▁▁▁▁▁▁▁▁
Histogram:	█▂▂▁▂▂▁▁▂▁

Time in Milliseconds
Min:		0.00 ms
Median:		0.01 ms
Max:		0.02 ms
Avg:		0.01 ms
StdDev:		0.00 ms
SampleCount:	40
Sum:		0.33 ms
First samples:	▅▄▆▄▇▄▅▅▆▅▅▆█▆▅▆▆▅▅▅▁▂▁▂▂▂▂▁▁▁▂▂▂▂▂▂▂▂▂▂
Histogram:	█▂▂▁▂▂▂▁▂▁


##performancetestresult2:{"Name":"TByd.Core.Utils.Tests.Editor.Performance.CollectionUtilsPerformanceTests.Join_Performance","ClassName":"TByd.Core.Utils.Tests.Editor.Performance.CollectionUtilsPerformanceTests","MethodName":"Join_Performance","Version":"1","Categories":["Performance"],"SampleGroups":[{"Name":"Time.GC()","Unit":8,"IncreaseIsBetter":false,"Samples":[4.0,2.0,2.0,2.0,2.0,2.0,2.0,2.0,2.0,2.0,2.0,2.0,2.0,9.0,2.0,2.0,2.0,2.0,3.0,2.0,2.0,2.0,2.0,2.0,2.0,2.0,3.0,0.0,0.0,0.0,0.0,0.0,0.0,2.0,0.0,0.0,0.0,0.0,0.0,2.0,0.0,0.0,0.0,0.0,0.0,0.0,0.0,0.0,0.0,0.0,0.0,0.0],"Min":0.0,"Max":9.0,"Median":2.0,"Average":1.3269230769230769,"StandardDeviation":1.5407434999195616,"Sum":69.0},{"Name":"Time","Unit":2,"IncreaseIsBetter":false,"Samples":[0.010799999999996146,0.009500000000002729,0.011500000000005173,0.008899999999997022,0.014399999999994862,0.009500000000002729,0.010000000000005116,0.010400000000004184,0.011499999999998068,0.009999999999990905,0.010699999999999932,0.011400000000001853,0.015300000000003422,0.012100000000003775,0.010099999999994225,0.011700000000004707,0.011799999999993816,0.01099999999999568,0.010699999999999932,0.010099999999994225,0.004299999999993531,0.005199999999994986,0.004200000000004422,0.005400000000008731,0.005199999999987881,0.005099999999998772,0.005200000000002092,0.004800000000003024,0.004500000000007276,0.004800000000017235,0.005400000000001626,0.00549999999999784,0.005299999999998306,0.006399999999999295,0.00560000000000116,0.00560000000000116,0.006100000000003547,0.00549999999999784,0.00539999999999452,0.005499999999983629],"Min":0.004200000000004422,"Max":0.015300000000003422,"Median":0.007649999999998158,"Average":0.008159999999999635,"StandardDeviation":0.0031238437861069144,"Sum":0.32639999999998539}]}
]]></output>
                    </test-case>
                    <test-case id="1204" name="JoinToString_Performance" fullname="TByd.Core.Utils.Tests.Editor.Performance.CollectionUtilsPerformanceTests.JoinToString_Performance" methodname="JoinToString_Performance" classname="TByd.Core.Utils.Tests.Editor.Performance.CollectionUtilsPerformanceTests" runstate="Runnable" seed="1032347112" result="Passed" start-time="2025-03-24 03:54:50Z" end-time="2025-03-24 03:54:51Z" duration="0.750774" asserts="0">
                      <properties>
                        <property name="Category" value="Performance" />
                        <property name="retryIteration" value="0" />
                        <property name="repeatIteration" value="0" />
                      </properties>
                      <output><![CDATA[Time.GC() in Undefineds
Min:		1202.00 
Median:		11305.00 
Max:		11402.00 
Avg:		8544.15 
StdDev:		4553.33 
SampleCount:	54
Sum:		461384.00 
First samples:	▁▁▁▁▁▁▁▁▁▁▁▁▁▁▁███████████████████████████████████████
Histogram:	█▂▂▁▂▂▂▁▂▃

Time in Milliseconds
Min:		0.40 ms
Median:		3.87 ms
Max:		4.33 ms
Avg:		3.07 ms
StdDev:		1.54 ms
SampleCount:	40
Sum:		122.68 ms
First samples:	▁▁▁▁▁▁▁▁▁▁▇▇▇█▇▇▇▇██▇▇▇▇▇█▇▇▇▇▇▇▇▇▇▇▇▇█▇
Histogram:	█▂▂▁▂▂▂▁▃▃


##performancetestresult2:{"Name":"TByd.Core.Utils.Tests.Editor.Performance.CollectionUtilsPerformanceTests.JoinToString_Performance","ClassName":"TByd.Core.Utils.Tests.Editor.Performance.CollectionUtilsPerformanceTests","MethodName":"JoinToString_Performance","Version":"1","Categories":["Performance"],"SampleGroups":[{"Name":"Time.GC()","Unit":8,"IncreaseIsBetter":false,"Samples":[1202.0,1202.0,1202.0,1202.0,1202.0,1202.0,1208.0,1202.0,1202.0,1202.0,1202.0,1202.0,1202.0,1202.0,1202.0,11393.0,11402.0,11402.0,11402.0,11402.0,11402.0,11402.0,11402.0,11402.0,11401.0,11401.0,11401.0,11401.0,11402.0,11401.0,11401.0,11401.0,11401.0,11401.0,11401.0,11401.0,11401.0,11401.0,11401.0,11401.0,11401.0,11302.0,11301.0,11301.0,11308.0,11301.0,11301.0,11301.0,11301.0,11301.0,11301.0,11301.0,11301.0,11301.0],"Min":1202.0,"Max":11402.0,"Median":11305.0,"Average":8544.148148148148,"StandardDeviation":4553.333436665884,"Sum":461384.0},{"Name":"Time","Unit":2,"IncreaseIsBetter":false,"Samples":[0.40859999999999277,0.40560000000000687,0.4058999999999884,0.4030999999999949,0.4142999999999972,0.4067000000000007,0.40460000000000209,0.4047999999999945,0.40449999999998456,0.40090000000000716,3.8735,3.8848000000000129,3.992199999999997,4.119900000000001,3.867500000000007,3.867500000000007,3.8703000000000147,3.8680999999999985,4.332499999999982,4.097399999999993,3.872799999999998,3.875399999999999,3.9808999999999914,3.890199999999993,3.9018000000000088,4.3208000000000059,3.869799999999998,3.8777000000000045,3.9842000000000157,3.9525999999999898,3.878,3.960800000000006,4.033000000000001,3.9879999999999997,3.86160000000001,3.844300000000004,3.8504000000000078,3.904800000000023,4.0523000000000028,3.951899999999995],"Min":0.40090000000000716,"Max":4.332499999999982,"Median":3.8744499999999997,"Average":3.067100000000001,"StandardDeviation":1.540172746642404,"Sum":122.68400000000003}]}
]]></output>
                    </test-case>
                    <test-case id="1205" name="JoinToString_WithConverter_Performance" fullname="TByd.Core.Utils.Tests.Editor.Performance.CollectionUtilsPerformanceTests.JoinToString_WithConverter_Performance" methodname="JoinToString_WithConverter_Performance" classname="TByd.Core.Utils.Tests.Editor.Performance.CollectionUtilsPerformanceTests" runstate="Runnable" seed="1907554687" result="Passed" start-time="2025-03-24 03:54:51Z" end-time="2025-03-24 03:54:51Z" duration="0.060189" asserts="0">
                      <properties>
                        <property name="Category" value="Performance" />
                        <property name="retryIteration" value="0" />
                        <property name="repeatIteration" value="0" />
                      </properties>
                      <output><![CDATA[Time in Milliseconds
Min:		0.42 ms
Median:		0.54 ms
Max:		0.59 ms
Avg:		0.49 ms
StdDev:		0.07 ms
SampleCount:	20
Sum:		9.88 ms
First samples:	▆▇█▆▆▆▆▆▆▆▇▁▂▁▂▁▁▁▁▁
Histogram:	█▂▂▁▂▂▂▁▂▃


##performancetestresult2:{"Name":"TByd.Core.Utils.Tests.Editor.Performance.CollectionUtilsPerformanceTests.JoinToString_WithConverter_Performance","ClassName":"TByd.Core.Utils.Tests.Editor.Performance.CollectionUtilsPerformanceTests","MethodName":"JoinToString_WithConverter_Performance","Version":"1","Categories":["Performance"],"SampleGroups":[{"Name":"Time","Unit":2,"IncreaseIsBetter":false,"Samples":[0.5464000000000002,0.5701,0.5872999999999999,0.5476000000000001,0.5470999999999995,0.5439999999999996,0.5496999999999996,0.5445000000000002,0.5349000000000004,0.5388999999999999,0.5639000000000003,0.4201999999999999,0.4495999999999998,0.41999999999999995,0.4311999999999996,0.41800000000000017,0.4169999999999998,0.4186999999999994,0.4153000000000002,0.41800000000000017],"Min":0.4153000000000002,"Max":0.5872999999999999,"Median":0.5369000000000002,"Average":0.49412,"StandardDeviation":0.06551493417534667,"Sum":9.8824}]}
]]></output>
                    </test-case>
                    <test-case id="1198" name="Shuffle_GCAllocation" fullname="TByd.Core.Utils.Tests.Editor.Performance.CollectionUtilsPerformanceTests.Shuffle_GCAllocation" methodname="Shuffle_GCAllocation" classname="TByd.Core.Utils.Tests.Editor.Performance.CollectionUtilsPerformanceTests" runstate="Runnable" seed="1925150251" result="Passed" start-time="2025-03-24 03:54:51Z" end-time="2025-03-24 03:54:51Z" duration="0.064970" asserts="0">
                      <properties>
                        <property name="Category" value="Performance" />
                        <property name="retryIteration" value="0" />
                        <property name="repeatIteration" value="0" />
                      </properties>
                      <output><![CDATA[
##performancetestresult2:{"Name":"TByd.Core.Utils.Tests.Editor.Performance.CollectionUtilsPerformanceTests.Shuffle_GCAllocation","ClassName":"TByd.Core.Utils.Tests.Editor.Performance.CollectionUtilsPerformanceTests","MethodName":"Shuffle_GCAllocation","Version":"1","Categories":["Performance"],"SampleGroups":[]}
]]></output>
                    </test-case>
                    <test-case id="1197" name="Shuffle_Performance" fullname="TByd.Core.Utils.Tests.Editor.Performance.CollectionUtilsPerformanceTests.Shuffle_Performance" methodname="Shuffle_Performance" classname="TByd.Core.Utils.Tests.Editor.Performance.CollectionUtilsPerformanceTests" runstate="Runnable" seed="1230518636" result="Passed" start-time="2025-03-24 03:54:51Z" end-time="2025-03-24 03:54:52Z" duration="0.437191" asserts="0">
                      <properties>
                        <property name="Category" value="Performance" />
                        <property name="retryIteration" value="0" />
                        <property name="repeatIteration" value="0" />
                      </properties>
                      <output><![CDATA[Time.GC() in Undefineds
Min:		2.00 
Median:		2.00 
Max:		7.00 
Avg:		2.51 
StdDev:		0.90 
SampleCount:	39
Sum:		98.00 
First samples:	▂▂▁▁▁▁▁▁▁▁▁▁▁▂▁▁▁▁▁▁▁▁▁▁▁▁█▁▂▂▂▂▂▂▂▄▂▂▂
Histogram:	█▂▂▁▂▂▂▁▂▃

Time in Milliseconds
Min:		0.01 ms
Median:		0.02 ms
Max:		0.08 ms
Avg:		0.04 ms
StdDev:		0.03 ms
SampleCount:	30
Sum:		1.07 ms
First samples:	▁▁▁▁▁▁▁▁▁▁▂▂▂▂▂▂▂▂▂▂▇▇▇▇▇▇▇▇█▇
Histogram:	█▂▂▁▂▂▂▁▂▃


##performancetestresult2:{"Name":"TByd.Core.Utils.Tests.Editor.Performance.CollectionUtilsPerformanceTests.Shuffle_Performance","ClassName":"TByd.Core.Utils.Tests.Editor.Performance.CollectionUtilsPerformanceTests","MethodName":"Shuffle_Performance","Version":"1","Categories":["Performance"],"SampleGroups":[{"Name":"Time.GC()","Unit":8,"IncreaseIsBetter":false,"Samples":[3.0,3.0,2.0,2.0,2.0,2.0,2.0,2.0,2.0,2.0,2.0,2.0,2.0,3.0,2.0,2.0,2.0,2.0,2.0,2.0,2.0,2.0,2.0,2.0,2.0,2.0,7.0,2.0,3.0,3.0,3.0,3.0,3.0,3.0,3.0,4.0,3.0,3.0,3.0],"Min":2.0,"Max":7.0,"Median":2.0,"Average":2.5128205128205129,"StandardDeviation":0.9021852351671377,"Sum":98.0},{"Name":"Time","Unit":2,"IncreaseIsBetter":false,"Samples":[0.013400000000004298,0.013300000000000978,0.014000000000002899,0.01310000000000855,0.014099999999999114,0.013499999999993407,0.01490000000001146,0.013600000000010937,0.013400000000004298,0.014099999999999114,0.018899999999995033,0.018799999999998819,0.018200000000000217,0.021000000000000797,0.01860000000000639,0.01839999999999975,0.018900000000002139,0.02030000000000598,0.0204000000000093,0.019599999999996954,0.07159999999999656,0.07220000000000226,0.07600000000000051,0.07380000000000564,0.07110000000000128,0.07299999999999329,0.07139999999999702,0.07150000000000034,0.08280000000000598,0.07120000000000459],"Min":0.01310000000000855,"Max":0.08280000000000598,"Median":0.018899999999998586,"Average":0.03550333333333526,"StandardDeviation":0.027015075832249274,"Sum":1.065100000000058}]}
]]></output>
                    </test-case>
                  </test-suite>
                  <test-suite type="TestFixture" id="1210" name="IOUtilsPerformanceTests" fullname="TByd.Core.Utils.Tests.Editor.Performance.IOUtilsPerformanceTests" classname="TByd.Core.Utils.Tests.Editor.Performance.IOUtilsPerformanceTests" runstate="Runnable" testcasecount="18" result="Passed" start-time="2025-03-24 03:54:52Z" end-time="2025-03-24 03:55:06Z" duration="14.703648" total="18" passed="18" failed="0" inconclusive="0" skipped="0" asserts="0">
                    <properties />
                    <test-case id="1211" name="CombinePath_Performance" fullname="TByd.Core.Utils.Tests.Editor.Performance.IOUtilsPerformanceTests.CombinePath_Performance" methodname="CombinePath_Performance" classname="TByd.Core.Utils.Tests.Editor.Performance.IOUtilsPerformanceTests" runstate="Runnable" seed="325459061" result="Passed" start-time="2025-03-24 03:54:52Z" end-time="2025-03-24 03:54:52Z" duration="0.346215" asserts="0">
                      <properties>
                        <property name="Category" value="Performance" />
                        <property name="retryIteration" value="0" />
                        <property name="repeatIteration" value="0" />
                      </properties>
                      <output><![CDATA[Time.GC() in Undefineds
Min:		8001.00 
Median:		8001.00 
Max:		8194.00 
Avg:		8015.85 
StdDev:		51.43 
SampleCount:	13
Sum:		104206.00 
First samples:	█▁▁▁▁▁▁▁▁▁▁▁▁
Histogram:	█▂▂▁▂▂▂▁▂▂

Time in Milliseconds
Min:		11.10 ms
Median:		11.26 ms
Max:		11.51 ms
Avg:		11.29 ms
StdDev:		0.14 ms
SampleCount:	10
Sum:		112.91 ms
First samples:	▁▄█▂▂▇▃▅▇▄
(not enough samples for histogram)


##performancetestresult2:{"Name":"TByd.Core.Utils.Tests.Editor.Performance.IOUtilsPerformanceTests.CombinePath_Performance","ClassName":"TByd.Core.Utils.Tests.Editor.Performance.IOUtilsPerformanceTests","MethodName":"CombinePath_Performance","Version":"1","Categories":["Performance"],"SampleGroups":[{"Name":"Time.GC()","Unit":8,"IncreaseIsBetter":false,"Samples":[8194.0,8001.0,8001.0,8001.0,8001.0,8001.0,8001.0,8001.0,8001.0,8001.0,8001.0,8001.0,8001.0],"Min":8001.0,"Max":8194.0,"Median":8001.0,"Average":8015.846153846154,"StandardDeviation":51.42858551704513,"Sum":104206.0},{"Name":"Time","Unit":2,"IncreaseIsBetter":false,"Samples":[11.096699999999999,11.246300000000005,11.511100000000014,11.129400000000004,11.174599999999998,11.429100000000006,11.219699999999989,11.350599999999986,11.478200000000016,11.275100000000009],"Min":11.096699999999999,"Max":11.511100000000014,"Median":11.260700000000007,"Average":11.291080000000003,"StandardDeviation":0.13815287040087585,"Sum":112.91080000000003}]}
]]></output>
                    </test-case>
                    <test-case id="1218" name="CompareExistsCheck_Performance" fullname="TByd.Core.Utils.Tests.Editor.Performance.IOUtilsPerformanceTests.CompareExistsCheck_Performance" methodname="CompareExistsCheck_Performance" classname="TByd.Core.Utils.Tests.Editor.Performance.IOUtilsPerformanceTests" runstate="Runnable" seed="1842895827" result="Passed" start-time="2025-03-24 03:54:52Z" end-time="2025-03-24 03:54:58Z" duration="5.533452" asserts="0">
                      <properties>
                        <property name="Category" value="Performance" />
                        <property name="retryIteration" value="0" />
                        <property name="repeatIteration" value="0" />
                      </properties>
                      <output><![CDATA[Time.GC() in Undefineds
Min:		15001.00 
Median:		15001.00 
Max:		15008.00 
Avg:		15003.73 
StdDev:		3.38 
SampleCount:	26
Sum:		390097.00 
First samples:	▁▁█▁█▁▁█▁█▁█▂▁█▁█▁▁█▁█▁█▁▁
Histogram:	█▂▂▁▂▂▁▁▂▂

Time in Milliseconds
Min:		187.90 ms
Median:		197.95 ms
Max:		231.72 ms
Avg:		200.53 ms
StdDev:		9.49 ms
SampleCount:	20
Sum:		4010.66 ms
First samples:	▂▃▂▃▂▆▃▂▃▂▄▃▃▂█▂▃▃▁▂
Histogram:	█▃▂▁▂▂▁▁▂▂


##performancetestresult2:{"Name":"TByd.Core.Utils.Tests.Editor.Performance.IOUtilsPerformanceTests.CompareExistsCheck_Performance","ClassName":"TByd.Core.Utils.Tests.Editor.Performance.IOUtilsPerformanceTests","MethodName":"CompareExistsCheck_Performance","Version":"1","Categories":["Performance"],"SampleGroups":[{"Name":"Time.GC()","Unit":8,"IncreaseIsBetter":false,"Samples":[15001.0,15001.0,15008.0,15001.0,15008.0,15001.0,15001.0,15008.0,15001.0,15008.0,15001.0,15008.0,15002.0,15001.0,15008.0,15001.0,15008.0,15001.0,15001.0,15008.0,15001.0,15008.0,15001.0,15008.0,15001.0,15001.0],"Min":15001.0,"Max":15008.0,"Median":15001.0,"Average":15003.73076923077,"StandardDeviation":3.3804607367782588,"Sum":390097.0},{"Name":"Time","Unit":2,"IncreaseIsBetter":false,"Samples":[196.64319999999999,199.58080000000008,195.55279999999994,197.9148,195.57330000000003,220.8898999999999,197.98170000000028,195.9661000000001,200.08320000000004,195.6849000000002,207.8379,198.71119999999997,199.23040000000015,195.1516999999999,231.7222999999999,196.92100000000006,202.75249999999984,198.48799999999984,187.89930000000005,196.07389999999988],"Min":187.89930000000005,"Max":231.7222999999999,"Median":197.94825000000015,"Average":200.532945,"StandardDeviation":9.485582487885198,"Sum":4010.6589000000004}]}
]]></output>
                    </test-case>
                    <test-case id="1223" name="CompareFileSizeReadWrite_Performance" fullname="TByd.Core.Utils.Tests.Editor.Performance.IOUtilsPerformanceTests.CompareFileSizeReadWrite_Performance" methodname="CompareFileSizeReadWrite_Performance" classname="TByd.Core.Utils.Tests.Editor.Performance.IOUtilsPerformanceTests" runstate="Runnable" seed="1987645142" result="Passed" start-time="2025-03-24 03:54:58Z" end-time="2025-03-24 03:54:58Z" duration="0.414009" asserts="0">
                      <properties>
                        <property name="Category" value="Performance" />
                        <property name="retryIteration" value="0" />
                        <property name="repeatIteration" value="0" />
                      </properties>
                      <output><![CDATA[Time.GC() in Undefineds
Min:		0.00 
Median:		100.00 
Max:		932.00 
Avg:		343.75 
StdDev:		417.33 
SampleCount:	24
Sum:		8250.00 
First samples:	████████▂▂▂▂▂▂▂▂▁▁▁▁▁▁▁▁
Histogram:	█▃▂▁▂▂▁▁▂▂

Time in Milliseconds
Min:		0.00 ms
Median:		1.39 ms
Max:		11.08 ms
Avg:		4.07 ms
StdDev:		4.79 ms
SampleCount:	15
Sum:		61.11 ms
First samples:	█████▂▂▂▂▂▁▁▁▁▁
Histogram:	█▃▂▁▂▂▁▁▂▂


##performancetestresult2:{"Name":"TByd.Core.Utils.Tests.Editor.Performance.IOUtilsPerformanceTests.CompareFileSizeReadWrite_Performance","ClassName":"TByd.Core.Utils.Tests.Editor.Performance.IOUtilsPerformanceTests","MethodName":"CompareFileSizeReadWrite_Performance","Version":"1","Categories":["Performance"],"SampleGroups":[{"Name":"Time.GC()","Unit":8,"IncreaseIsBetter":false,"Samples":[932.0,931.0,931.0,931.0,931.0,931.0,931.0,931.0,100.0,100.0,100.0,100.0,100.0,100.0,100.0,100.0,1.0,0.0,0.0,0.0,0.0,0.0,0.0,0.0],"Min":0.0,"Max":932.0,"Median":100.0,"Average":343.75,"StandardDeviation":417.33352469377936,"Sum":8250.0},{"Name":"Time","Unit":2,"IncreaseIsBetter":false,"Samples":[11.078999999999994,10.920900000000004,10.753900000000002,10.656800000000004,10.60990000000001,1.3661999999999993,1.3791999999999974,1.394999999999996,1.3889000000000067,1.5563000000000074,0.0016999999999995908,0.0012000000000043088,0.001100000000000989,0.0010999999999938837,0.0011999999999972034],"Min":0.0010999999999938837,"Max":11.078999999999994,"Median":1.3889000000000067,"Average":4.074160000000001,"StandardDeviation":4.794984691362426,"Sum":61.112400000000018}]}
]]></output>
                    </test-case>
                    <test-case id="1215" name="ComparePathOperations_Performance" fullname="TByd.Core.Utils.Tests.Editor.Performance.IOUtilsPerformanceTests.ComparePathOperations_Performance" methodname="ComparePathOperations_Performance" classname="TByd.Core.Utils.Tests.Editor.Performance.IOUtilsPerformanceTests" runstate="Runnable" seed="687901225" result="Passed" start-time="2025-03-24 03:54:58Z" end-time="2025-03-24 03:54:59Z" duration="0.502360" asserts="0">
                      <properties>
                        <property name="Category" value="Performance" />
                        <property name="retryIteration" value="0" />
                        <property name="repeatIteration" value="0" />
                      </properties>
                      <output><![CDATA[Time.GC() in Undefineds
Min:		1001.00 
Median:		8001.00 
Max:		15013.00 
Avg:		8002.00 
StdDev:		7001.00 
SampleCount:	26
Sum:		208052.00 
First samples:	█████████████▁▁▁▁▁▁▁▁▁▁▁▁▁
Histogram:	█▃▂▁▁▃▁▁▂▂

Time in Milliseconds
Min:		1.10 ms
Median:		7.28 ms
Max:		14.02 ms
Avg:		7.37 ms
StdDev:		6.25 ms
SampleCount:	20
Sum:		147.42 ms
First samples:	██████████▁▁▁▁▁▁▁▁▁▁
Histogram:	█▂▂▁▂▃▁▁▂▂


##performancetestresult2:{"Name":"TByd.Core.Utils.Tests.Editor.Performance.IOUtilsPerformanceTests.ComparePathOperations_Performance","ClassName":"TByd.Core.Utils.Tests.Editor.Performance.IOUtilsPerformanceTests","MethodName":"ComparePathOperations_Performance","Version":"1","Categories":["Performance"],"SampleGroups":[{"Name":"Time.GC()","Unit":8,"IncreaseIsBetter":false,"Samples":[15013.0,15002.0,15002.0,15009.0,15002.0,15002.0,15002.0,15002.0,15001.0,15001.0,15001.0,15001.0,15001.0,1001.0,1001.0,1001.0,1001.0,1001.0,1001.0,1001.0,1001.0,1001.0,1001.0,1001.0,1001.0,1001.0],"Min":1001.0,"Max":15013.0,"Median":8001.0,"Average":8002.0,"StandardDeviation":7001.00044499136,"Sum":208052.0},{"Name":"Time","Unit":2,"IncreaseIsBetter":false,"Samples":[13.964100000000002,13.564799999999991,14.017599999999988,13.586399999999998,13.445300000000004,13.397700000000015,13.822100000000006,13.493300000000034,13.432999999999993,13.475799999999993,1.1006,1.1025999999999954,1.1381000000000086,1.1038000000000068,1.1033999999999936,1.0995000000000062,1.1611000000000047,1.1278000000000077,1.128499999999974,1.1577000000000056],"Min":1.0995000000000062,"Max":14.017599999999988,"Median":7.27940000000001,"Average":7.371160000000001,"StandardDeviation":6.250763735528645,"Sum":147.4232}]}
]]></output>
                    </test-case>
                    <test-case id="1228" name="CreateDirectory_GCAllocation" fullname="TByd.Core.Utils.Tests.Editor.Performance.IOUtilsPerformanceTests.CreateDirectory_GCAllocation" methodname="CreateDirectory_GCAllocation" classname="TByd.Core.Utils.Tests.Editor.Performance.IOUtilsPerformanceTests" runstate="Runnable" seed="1770253702" result="Passed" start-time="2025-03-24 03:54:59Z" end-time="2025-03-24 03:54:59Z" duration="0.094328" asserts="0">
                      <properties>
                        <property name="Category" value="Performance" />
                        <property name="retryIteration" value="0" />
                        <property name="repeatIteration" value="0" />
                      </properties>
                      <output><![CDATA[
##performancetestresult2:{"Name":"TByd.Core.Utils.Tests.Editor.Performance.IOUtilsPerformanceTests.CreateDirectory_GCAllocation","ClassName":"TByd.Core.Utils.Tests.Editor.Performance.IOUtilsPerformanceTests","MethodName":"CreateDirectory_GCAllocation","Version":"1","Categories":["Performance"],"SampleGroups":[]}
]]></output>
                    </test-case>
                    <test-case id="1225" name="DeleteDirectory_Performance" fullname="TByd.Core.Utils.Tests.Editor.Performance.IOUtilsPerformanceTests.DeleteDirectory_Performance" methodname="DeleteDirectory_Performance" classname="TByd.Core.Utils.Tests.Editor.Performance.IOUtilsPerformanceTests" runstate="Runnable" seed="1079073437" result="Passed" start-time="2025-03-24 03:54:59Z" end-time="2025-03-24 03:54:59Z" duration="0.323378" asserts="0">
                      <properties>
                        <property name="Category" value="Performance" />
                        <property name="retryIteration" value="0" />
                        <property name="repeatIteration" value="0" />
                      </properties>
                      <output><![CDATA[Time.GC() in Undefineds
Min:		461.00 
Median:		461.00 
Max:		466.00 
Avg:		461.38 
StdDev:		1.33 
SampleCount:	13
Sum:		5998.00 
First samples:	█▁▁▁▁▁▁▁▁▁▁▁▁
Histogram:	█▂▂▁▂▃▁▁▂▂

Time in Milliseconds
Min:		10.54 ms
Median:		10.75 ms
Max:		11.15 ms
Avg:		10.77 ms
StdDev:		0.18 ms
SampleCount:	10
Sum:		107.74 ms
First samples:	▂█▇▁▂▃▄▄▃▄
(not enough samples for histogram)


##performancetestresult2:{"Name":"TByd.Core.Utils.Tests.Editor.Performance.IOUtilsPerformanceTests.DeleteDirectory_Performance","ClassName":"TByd.Core.Utils.Tests.Editor.Performance.IOUtilsPerformanceTests","MethodName":"DeleteDirectory_Performance","Version":"1","Categories":["Performance"],"SampleGroups":[{"Name":"Time.GC()","Unit":8,"IncreaseIsBetter":false,"Samples":[466.0,461.0,461.0,461.0,461.0,461.0,461.0,461.0,461.0,461.0,461.0,461.0,461.0],"Min":461.0,"Max":466.0,"Median":461.0,"Average":461.38461538461538,"StandardDeviation":1.3323467750529832,"Sum":5998.0},{"Name":"Time","Unit":2,"IncreaseIsBetter":false,"Samples":[10.599800000000002,11.149999999999992,11.036600000000007,10.538299999999993,10.666600000000017,10.722699999999975,10.77370000000002,10.78200000000001,10.703400000000017,10.767800000000023],"Min":10.538299999999993,"Max":11.149999999999992,"Median":10.745249999999999,"Average":10.774090000000005,"StandardDeviation":0.17761986065752806,"Sum":107.74090000000006}]}
]]></output>
                    </test-case>
                    <test-case id="1224" name="DeleteFile_Performance" fullname="TByd.Core.Utils.Tests.Editor.Performance.IOUtilsPerformanceTests.DeleteFile_Performance" methodname="DeleteFile_Performance" classname="TByd.Core.Utils.Tests.Editor.Performance.IOUtilsPerformanceTests" runstate="Runnable" seed="1345070417" result="Passed" start-time="2025-03-24 03:54:59Z" end-time="2025-03-24 03:54:59Z" duration="0.219474" asserts="0">
                      <properties>
                        <property name="Category" value="Performance" />
                        <property name="retryIteration" value="0" />
                        <property name="repeatIteration" value="0" />
                      </properties>
                      <output><![CDATA[Time.GC() in Undefineds
Min:		100.00 
Median:		100.00 
Max:		104.00 
Avg:		100.31 
StdDev:		1.07 
SampleCount:	13
Sum:		1304.00 
First samples:	█▁▁▁▁▁▁▁▁▁▁▁▁
Histogram:	█▂▂▁▂▂▁▁▂▂

Time in Milliseconds
Min:		2.14 ms
Median:		2.22 ms
Max:		2.25 ms
Avg:		2.21 ms
StdDev:		0.04 ms
SampleCount:	10
Sum:		22.08 ms
First samples:	▁█▃▄▇▆▇▆█▃
(not enough samples for histogram)


##performancetestresult2:{"Name":"TByd.Core.Utils.Tests.Editor.Performance.IOUtilsPerformanceTests.DeleteFile_Performance","ClassName":"TByd.Core.Utils.Tests.Editor.Performance.IOUtilsPerformanceTests","MethodName":"DeleteFile_Performance","Version":"1","Categories":["Performance"],"SampleGroups":[{"Name":"Time.GC()","Unit":8,"IncreaseIsBetter":false,"Samples":[104.0,100.0,100.0,100.0,100.0,100.0,100.0,100.0,100.0,100.0,100.0,100.0,100.0],"Min":100.0,"Max":104.0,"Median":100.0,"Average":100.3076923076923,"StandardDeviation":1.0658774200423858,"Sum":1304.0},{"Name":"Time","Unit":2,"IncreaseIsBetter":false,"Samples":[2.140499999999996,2.2549000000000065,2.1650999999999955,2.184200000000004,2.2308999999999914,2.2179,2.240300000000005,2.224599999999981,2.252999999999986,2.171900000000022],"Min":2.140499999999996,"Max":2.2549000000000065,"Median":2.2212499999999908,"Average":2.208329999999999,"StandardDeviation":0.03798828898489347,"Sum":22.083299999999988}]}
]]></output>
                    </test-case>
                    <test-case id="1217" name="DirectoryExists_Performance" fullname="TByd.Core.Utils.Tests.Editor.Performance.IOUtilsPerformanceTests.DirectoryExists_Performance" methodname="DirectoryExists_Performance" classname="TByd.Core.Utils.Tests.Editor.Performance.IOUtilsPerformanceTests" runstate="Runnable" seed="1138986196" result="Passed" start-time="2025-03-24 03:54:59Z" end-time="2025-03-24 03:55:02Z" duration="2.670622" asserts="0">
                      <properties>
                        <property name="Category" value="Performance" />
                        <property name="retryIteration" value="0" />
                        <property name="repeatIteration" value="0" />
                      </properties>
                      <output><![CDATA[Time.GC() in Undefineds
Min:		14001.00 
Median:		14002.00 
Max:		14010.00 
Avg:		14004.62 
StdDev:		3.65 
SampleCount:	13
Sum:		182060.00 
First samples:	▁▁▇▂▇▂▂█▂▇▂▂▇
Histogram:	█▂▂▁▂▂▁▁▂▂

Time in Milliseconds
Min:		186.22 ms
Median:		189.54 ms
Max:		191.65 ms
Avg:		189.31 ms
StdDev:		1.62 ms
SampleCount:	10
Sum:		1893.07 ms
First samples:	▄▇▃▇▆▁▃█▆▅
(not enough samples for histogram)


##performancetestresult2:{"Name":"TByd.Core.Utils.Tests.Editor.Performance.IOUtilsPerformanceTests.DirectoryExists_Performance","ClassName":"TByd.Core.Utils.Tests.Editor.Performance.IOUtilsPerformanceTests","MethodName":"DirectoryExists_Performance","Version":"1","Categories":["Performance"],"SampleGroups":[{"Name":"Time.GC()","Unit":8,"IncreaseIsBetter":false,"Samples":[14001.0,14001.0,14009.0,14002.0,14009.0,14002.0,14002.0,14010.0,14002.0,14009.0,14002.0,14002.0,14009.0],"Min":14001.0,"Max":14010.0,"Median":14002.0,"Average":14004.615384615385,"StandardDeviation":3.6487819155788996,"Sum":182060.0},{"Name":"Time","Unit":2,"IncreaseIsBetter":false,"Samples":[188.25209999999994,190.95680000000005,187.8369,191.08050000000004,189.9018000000001,186.21499999999993,188.09300000000008,191.6531,189.82069999999977,189.26470000000018],"Min":186.21499999999993,"Max":191.6531,"Median":189.54269999999998,"Average":189.30746000000003,"StandardDeviation":1.6216984128992822,"Sum":1893.0746000000001}]}
]]></output>
                    </test-case>
                    <test-case id="1216" name="FileExists_Performance" fullname="TByd.Core.Utils.Tests.Editor.Performance.IOUtilsPerformanceTests.FileExists_Performance" methodname="FileExists_Performance" classname="TByd.Core.Utils.Tests.Editor.Performance.IOUtilsPerformanceTests" runstate="Runnable" seed="965500374" result="Passed" start-time="2025-03-24 03:55:02Z" end-time="2025-03-24 03:55:05Z" duration="2.691095" asserts="0">
                      <properties>
                        <property name="Category" value="Performance" />
                        <property name="retryIteration" value="0" />
                        <property name="repeatIteration" value="0" />
                      </properties>
                      <output><![CDATA[Time.GC() in Undefineds
Min:		15002.00 
Median:		15002.00 
Max:		15010.00 
Avg:		15004.77 
StdDev:		3.51 
SampleCount:	13
Sum:		195062.00 
First samples:	▁▇▁▁▇▁▇▁▁█▁▇▁
Histogram:	█▂▂▁▂▂▁▁▂▂

Time in Milliseconds
Min:		189.51 ms
Median:		191.67 ms
Max:		196.28 ms
Avg:		192.31 ms
StdDev:		2.22 ms
SampleCount:	10
Sum:		1923.05 ms
First samples:	█▄▁▂▂▅▃▁▇▆
(not enough samples for histogram)


##performancetestresult2:{"Name":"TByd.Core.Utils.Tests.Editor.Performance.IOUtilsPerformanceTests.FileExists_Performance","ClassName":"TByd.Core.Utils.Tests.Editor.Performance.IOUtilsPerformanceTests","MethodName":"FileExists_Performance","Version":"1","Categories":["Performance"],"SampleGroups":[{"Name":"Time.GC()","Unit":8,"IncreaseIsBetter":false,"Samples":[15002.0,15009.0,15002.0,15002.0,15009.0,15002.0,15009.0,15002.0,15002.0,15010.0,15002.0,15009.0,15002.0],"Min":15002.0,"Max":15010.0,"Median":15002.0,"Average":15004.76923076923,"StandardDeviation":3.511603757081024,"Sum":195062.0},{"Name":"Time","Unit":2,"IncreaseIsBetter":false,"Samples":[196.27549999999997,192.3542,189.6486,190.87220000000003,190.95929999999999,192.93870000000016,190.97860000000015,189.51400000000013,195.38430000000018,194.12509999999976],"Min":189.51400000000013,"Max":196.27549999999997,"Median":191.66640000000008,"Average":192.30505000000003,"StandardDeviation":2.2233538248555719,"Sum":1923.0505000000003}]}
]]></output>
                    </test-case>
                    <test-case id="1227" name="FileExistsCheck_GCAllocation" fullname="TByd.Core.Utils.Tests.Editor.Performance.IOUtilsPerformanceTests.FileExistsCheck_GCAllocation" methodname="FileExistsCheck_GCAllocation" classname="TByd.Core.Utils.Tests.Editor.Performance.IOUtilsPerformanceTests" runstate="Runnable" seed="1644878715" result="Passed" start-time="2025-03-24 03:55:05Z" end-time="2025-03-24 03:55:05Z" duration="0.095353" asserts="0">
                      <properties>
                        <property name="Category" value="Performance" />
                        <property name="retryIteration" value="0" />
                        <property name="repeatIteration" value="0" />
                      </properties>
                      <output><![CDATA[
##performancetestresult2:{"Name":"TByd.Core.Utils.Tests.Editor.Performance.IOUtilsPerformanceTests.FileExistsCheck_GCAllocation","ClassName":"TByd.Core.Utils.Tests.Editor.Performance.IOUtilsPerformanceTests","MethodName":"FileExistsCheck_GCAllocation","Version":"1","Categories":["Performance"],"SampleGroups":[]}
]]></output>
                    </test-case>
                    <test-case id="1214" name="GetFileExtension_Performance" fullname="TByd.Core.Utils.Tests.Editor.Performance.IOUtilsPerformanceTests.GetFileExtension_Performance" methodname="GetFileExtension_Performance" classname="TByd.Core.Utils.Tests.Editor.Performance.IOUtilsPerformanceTests" runstate="Runnable" seed="508599609" result="Passed" start-time="2025-03-24 03:55:05Z" end-time="2025-03-24 03:55:05Z" duration="0.190135" asserts="0">
                      <properties>
                        <property name="Category" value="Performance" />
                        <property name="retryIteration" value="0" />
                        <property name="repeatIteration" value="0" />
                      </properties>
                      <output><![CDATA[Time.GC() in Undefineds
Min:		2001.00 
Median:		2001.00 
Max:		2008.00 
Avg:		2001.54 
StdDev:		1.87 
SampleCount:	13
Sum:		26020.00 
First samples:	▁▁▁▁▁▁█▁▁▁▁▁▁
Histogram:	█▂▂▁▂▂▁▁▂▂

Time in Milliseconds
Min:		0.67 ms
Median:		0.67 ms
Max:		0.74 ms
Avg:		0.68 ms
StdDev:		0.02 ms
SampleCount:	10
Sum:		6.79 ms
First samples:	▁▂▁▂▂▁▁█▁▁
(not enough samples for histogram)


##performancetestresult2:{"Name":"TByd.Core.Utils.Tests.Editor.Performance.IOUtilsPerformanceTests.GetFileExtension_Performance","ClassName":"TByd.Core.Utils.Tests.Editor.Performance.IOUtilsPerformanceTests","MethodName":"GetFileExtension_Performance","Version":"1","Categories":["Performance"],"SampleGroups":[{"Name":"Time.GC()","Unit":8,"IncreaseIsBetter":false,"Samples":[2001.0,2001.0,2001.0,2001.0,2001.0,2001.0,2008.0,2001.0,2001.0,2001.0,2001.0,2001.0,2001.0],"Min":2001.0,"Max":2008.0,"Median":2001.0,"Average":2001.5384615384614,"StandardDeviation":1.8652854850741752,"Sum":26020.0},{"Name":"Time","Unit":2,"IncreaseIsBetter":false,"Samples":[0.6697999999999951,0.6829999999999998,0.6691000000000003,0.6762999999999977,0.6784000000000106,0.6706999999999965,0.6709999999999923,0.7357000000000085,0.670100000000005,0.6702999999999975],"Min":0.6691000000000003,"Max":0.7357000000000085,"Median":0.6708499999999944,"Average":0.6794400000000003,"StandardDeviation":0.01925368536151242,"Sum":6.794400000000003}]}
]]></output>
                    </test-case>
                    <test-case id="1212" name="GetFileName_Performance" fullname="TByd.Core.Utils.Tests.Editor.Performance.IOUtilsPerformanceTests.GetFileName_Performance" methodname="GetFileName_Performance" classname="TByd.Core.Utils.Tests.Editor.Performance.IOUtilsPerformanceTests" runstate="Runnable" seed="1151010005" result="Passed" start-time="2025-03-24 03:55:05Z" end-time="2025-03-24 03:55:05Z" duration="0.185320" asserts="0">
                      <properties>
                        <property name="Category" value="Performance" />
                        <property name="retryIteration" value="0" />
                        <property name="repeatIteration" value="0" />
                      </properties>
                      <output><![CDATA[Time.GC() in Undefineds
Min:		1001.00 
Median:		1001.00 
Max:		1001.00 
Avg:		1001.00 
StdDev:		0.00 
SampleCount:	13
Sum:		13013.00 
First samples:	▁▁▁▁▁▁▁▁▁▁▁▁▁
Histogram:	█▂▂▁▂▂▁▁▂▂

Time in Milliseconds
Min:		0.32 ms
Median:		0.32 ms
Max:		0.35 ms
Avg:		0.32 ms
StdDev:		0.01 ms
SampleCount:	10
Sum:		3.24 ms
First samples:	▂▁▁▁▁▁▂█▂▂
(not enough samples for histogram)


##performancetestresult2:{"Name":"TByd.Core.Utils.Tests.Editor.Performance.IOUtilsPerformanceTests.GetFileName_Performance","ClassName":"TByd.Core.Utils.Tests.Editor.Performance.IOUtilsPerformanceTests","MethodName":"GetFileName_Performance","Version":"1","Categories":["Performance"],"SampleGroups":[{"Name":"Time.GC()","Unit":8,"IncreaseIsBetter":false,"Samples":[1001.0,1001.0,1001.0,1001.0,1001.0,1001.0,1001.0,1001.0,1001.0,1001.0,1001.0,1001.0,1001.0],"Min":1001.0,"Max":1001.0,"Median":1001.0,"Average":1001.0,"StandardDeviation":0.0,"Sum":13013.0},{"Name":"Time","Unit":2,"IncreaseIsBetter":false,"Samples":[0.3230000000000004,0.32099999999999798,0.32039999999999937,0.32090000000000887,0.3199999999999932,0.3200999999999965,0.32220000000000939,0.34559999999999038,0.3237000000000023,0.32269999999999757],"Min":0.3199999999999932,"Max":0.34559999999999038,"Median":0.32160000000000368,"Average":0.3239599999999996,"StandardDeviation":0.007316720576867738,"Sum":3.239599999999996}]}
]]></output>
                    </test-case>
                    <test-case id="1213" name="GetFileNameWithoutExtension_Performance" fullname="TByd.Core.Utils.Tests.Editor.Performance.IOUtilsPerformanceTests.GetFileNameWithoutExtension_Performance" methodname="GetFileNameWithoutExtension_Performance" classname="TByd.Core.Utils.Tests.Editor.Performance.IOUtilsPerformanceTests" runstate="Runnable" seed="1134639379" result="Passed" start-time="2025-03-24 03:55:05Z" end-time="2025-03-24 03:55:05Z" duration="0.186885" asserts="0">
                      <properties>
                        <property name="Category" value="Performance" />
                        <property name="retryIteration" value="0" />
                        <property name="repeatIteration" value="0" />
                      </properties>
                      <output><![CDATA[Time.GC() in Undefineds
Min:		1001.00 
Median:		1001.00 
Max:		1001.00 
Avg:		1001.00 
StdDev:		0.00 
SampleCount:	13
Sum:		13013.00 
First samples:	▁▁▁▁▁▁▁▁▁▁▁▁▁
Histogram:	█▂▂▁▂▂▁▁▂▂

Time in Milliseconds
Min:		0.33 ms
Median:		0.33 ms
Max:		0.47 ms
Avg:		0.34 ms
StdDev:		0.04 ms
SampleCount:	10
Sum:		3.44 ms
First samples:	▂▁▁▂▁▁▁█▁▁
(not enough samples for histogram)


##performancetestresult2:{"Name":"TByd.Core.Utils.Tests.Editor.Performance.IOUtilsPerformanceTests.GetFileNameWithoutExtension_Performance","ClassName":"TByd.Core.Utils.Tests.Editor.Performance.IOUtilsPerformanceTests","MethodName":"GetFileNameWithoutExtension_Performance","Version":"1","Categories":["Performance"],"SampleGroups":[{"Name":"Time.GC()","Unit":8,"IncreaseIsBetter":false,"Samples":[1001.0,1001.0,1001.0,1001.0,1001.0,1001.0,1001.0,1001.0,1001.0,1001.0,1001.0,1001.0,1001.0],"Min":1001.0,"Max":1001.0,"Median":1001.0,"Average":1001.0,"StandardDeviation":0.0,"Sum":13013.0},{"Name":"Time","Unit":2,"IncreaseIsBetter":false,"Samples":[0.3412000000000006,0.3289000000000044,0.3288000000000011,0.3415999999999997,0.32909999999999686,0.32670000000000246,0.32689999999999488,0.46530000000001339,0.32730000000000816,0.32620000000000007],"Min":0.32620000000000007,"Max":0.46530000000001339,"Median":0.32885000000000277,"Average":0.34420000000000219,"StandardDeviation":0.04073742750837733,"Sum":3.4420000000000217}]}
]]></output>
                    </test-case>
                    <test-case id="1226" name="PathOperations_GCAllocation" fullname="TByd.Core.Utils.Tests.Editor.Performance.IOUtilsPerformanceTests.PathOperations_GCAllocation" methodname="PathOperations_GCAllocation" classname="TByd.Core.Utils.Tests.Editor.Performance.IOUtilsPerformanceTests" runstate="Runnable" seed="1156692155" result="Passed" start-time="2025-03-24 03:55:05Z" end-time="2025-03-24 03:55:05Z" duration="0.111172" asserts="0">
                      <properties>
                        <property name="Category" value="Performance" />
                        <property name="retryIteration" value="0" />
                        <property name="repeatIteration" value="0" />
                      </properties>
                      <output><![CDATA[
##performancetestresult2:{"Name":"TByd.Core.Utils.Tests.Editor.Performance.IOUtilsPerformanceTests.PathOperations_GCAllocation","ClassName":"TByd.Core.Utils.Tests.Editor.Performance.IOUtilsPerformanceTests","MethodName":"PathOperations_GCAllocation","Version":"1","Categories":["Performance"],"SampleGroups":[]}
]]></output>
                    </test-case>
                    <test-case id="1221" name="ReadAllBytes_Performance" fullname="TByd.Core.Utils.Tests.Editor.Performance.IOUtilsPerformanceTests.ReadAllBytes_Performance" methodname="ReadAllBytes_Performance" classname="TByd.Core.Utils.Tests.Editor.Performance.IOUtilsPerformanceTests" runstate="Runnable" seed="1523237792" result="Passed" start-time="2025-03-24 03:55:05Z" end-time="2025-03-24 03:55:06Z" duration="0.320349" asserts="0">
                      <properties>
                        <property name="Category" value="Performance" />
                        <property name="retryIteration" value="0" />
                        <property name="repeatIteration" value="0" />
                      </properties>
                      <output><![CDATA[Time.GC() in Undefineds
Min:		791.00 
Median:		791.00 
Max:		792.00 
Avg:		791.08 
StdDev:		0.27 
SampleCount:	13
Sum:		10284.00 
First samples:	▁▁▁▁▁▁▁▁▁▁▁▁█
Histogram:	█▂▂▁▂▂▁▁▂▂

Time in Milliseconds
Min:		10.07 ms
Median:		10.24 ms
Max:		10.90 ms
Avg:		10.38 ms
StdDev:		0.28 ms
SampleCount:	10
Sum:		103.80 ms
First samples:	▃▁▆▂▂▆▁▁█▅
(not enough samples for histogram)


##performancetestresult2:{"Name":"TByd.Core.Utils.Tests.Editor.Performance.IOUtilsPerformanceTests.ReadAllBytes_Performance","ClassName":"TByd.Core.Utils.Tests.Editor.Performance.IOUtilsPerformanceTests","MethodName":"ReadAllBytes_Performance","Version":"1","Categories":["Performance"],"SampleGroups":[{"Name":"Time.GC()","Unit":8,"IncreaseIsBetter":false,"Samples":[791.0,791.0,791.0,791.0,791.0,791.0,791.0,791.0,791.0,791.0,791.0,791.0,792.0],"Min":791.0,"Max":792.0,"Median":791.0,"Average":791.0769230769231,"StandardDeviation":0.2664693550105965,"Sum":10284.0},{"Name":"Time","Unit":2,"IncreaseIsBetter":false,"Samples":[10.29480000000001,10.131900000000002,10.638100000000009,10.183899999999995,10.192599999999999,10.672000000000026,10.072599999999995,10.130899999999997,10.904699999999992,10.581500000000006],"Min":10.072599999999995,"Max":10.904699999999992,"Median":10.243700000000004,"Average":10.380300000000002,"StandardDeviation":0.27689767785231025,"Sum":103.80300000000003}]}
]]></output>
                    </test-case>
                    <test-case id="1219" name="ReadAllText_Performance" fullname="TByd.Core.Utils.Tests.Editor.Performance.IOUtilsPerformanceTests.ReadAllText_Performance" methodname="ReadAllText_Performance" classname="TByd.Core.Utils.Tests.Editor.Performance.IOUtilsPerformanceTests" runstate="Runnable" seed="1010454309" result="Passed" start-time="2025-03-24 03:55:06Z" end-time="2025-03-24 03:55:06Z" duration="0.389662" asserts="0">
                      <properties>
                        <property name="Category" value="Performance" />
                        <property name="retryIteration" value="0" />
                        <property name="repeatIteration" value="0" />
                      </properties>
                      <output><![CDATA[Time.GC() in Undefineds
Min:		1052.00 
Median:		1052.00 
Max:		1059.00 
Avg:		1052.54 
StdDev:		1.87 
SampleCount:	13
Sum:		13683.00 
First samples:	▁▁▁█▁▁▁▁▁▁▁▁▁
Histogram:	█▂▂▁▂▂▁▁▂▂

Time in Milliseconds
Min:		15.22 ms
Median:		15.52 ms
Max:		15.91 ms
Avg:		15.55 ms
StdDev:		0.23 ms
SampleCount:	10
Sum:		155.46 ms
First samples:	█▂▂▆▇▂▃▅▁▇
(not enough samples for histogram)


##performancetestresult2:{"Name":"TByd.Core.Utils.Tests.Editor.Performance.IOUtilsPerformanceTests.ReadAllText_Performance","ClassName":"TByd.Core.Utils.Tests.Editor.Performance.IOUtilsPerformanceTests","MethodName":"ReadAllText_Performance","Version":"1","Categories":["Performance"],"SampleGroups":[{"Name":"Time.GC()","Unit":8,"IncreaseIsBetter":false,"Samples":[1052.0,1052.0,1052.0,1059.0,1052.0,1052.0,1052.0,1052.0,1052.0,1052.0,1052.0,1052.0,1052.0],"Min":1052.0,"Max":1059.0,"Median":1052.0,"Average":1052.5384615384614,"StandardDeviation":1.8652854850741752,"Sum":13683.0},{"Name":"Time","Unit":2,"IncreaseIsBetter":false,"Samples":[15.914600000000008,15.365199999999988,15.293199999999985,15.703900000000005,15.806299999999994,15.335300000000018,15.460599999999971,15.581800000000044,15.220300000000009,15.783000000000016],"Min":15.220300000000009,"Max":15.914600000000008,"Median":15.521200000000008,"Average":15.546420000000003,"StandardDeviation":0.23245815881573562,"Sum":155.46420000000004}]}
]]></output>
                    </test-case>
                    <test-case id="1222" name="WriteAllBytes_Performance" fullname="TByd.Core.Utils.Tests.Editor.Performance.IOUtilsPerformanceTests.WriteAllBytes_Performance" methodname="WriteAllBytes_Performance" classname="TByd.Core.Utils.Tests.Editor.Performance.IOUtilsPerformanceTests" runstate="Runnable" seed="359302358" result="Passed" start-time="2025-03-24 03:55:06Z" end-time="2025-03-24 03:55:06Z" duration="0.203939" asserts="0">
                      <properties>
                        <property name="Category" value="Performance" />
                        <property name="retryIteration" value="0" />
                        <property name="repeatIteration" value="0" />
                      </properties>
                      <output><![CDATA[Time.GC() in Undefineds
Min:		79.00 
Median:		79.00 
Max:		79.00 
Avg:		79.00 
StdDev:		0.00 
SampleCount:	13
Sum:		1027.00 
First samples:	▁▁▁▁▁▁▁▁▁▁▁▁▁
Histogram:	█▂▂▁▂▂▁▁▂▂

Time in Milliseconds
Min:		1.59 ms
Median:		1.67 ms
Max:		1.75 ms
Avg:		1.67 ms
StdDev:		0.05 ms
SampleCount:	10
Sum:		16.72 ms
First samples:	█▂█▅▂▁▄▆▆▄
(not enough samples for histogram)


[...]
]]></output>
                    </test-case>
                    <test-case id="1288" name="FormatTimeSpan_CustomFormat_Performance" fullname="TByd.Core.Utils.Tests.Editor.Performance.TimeUtilsPerformanceTests.FormatTimeSpan_CustomFormat_Performance" methodname="FormatTimeSpan_CustomFormat_Performance" classname="TByd.Core.Utils.Tests.Editor.Performance.TimeUtilsPerformanceTests" runstate="Runnable" seed="619073564" result="Passed" start-time="2025-03-24 03:55:30Z" end-time="2025-03-24 03:55:31Z" duration="0.583185" asserts="0">
                      <properties>
                        <property name="Category" value="Performance" />
                        <property name="retryIteration" value="0" />
                        <property name="repeatIteration" value="0" />
                      </properties>
                      <output><![CDATA[FormatTimeSpan_CustomFormat_性能_Baseline in Milliseconds
Min:		9.05 ms
Median:		9.08 ms
Max:		9.69 ms
Avg:		9.17 ms
StdDev:		0.20 ms
SampleCount:	10
Sum:		91.75 ms
First samples:	▂▁▁▅█▂▁▁▁▁
(not enough samples for histogram)

FormatTimeSpan_CustomFormat_性能_Baseline_GC in Bytes
Min:		0.00 b
Median:		0.00 b
Max:		0.00 b
Avg:		0.00 b
StdDev:		0.00 b
SampleCount:	10
Sum:		0.00 b
First samples:	▁▁▁▁▁▁▁▁▁▁
(not enough samples for histogram)

FormatTimeSpan_CustomFormat_性能_TimeUtils in Milliseconds
Min:		12.27 ms
Median:		12.53 ms
Max:		13.52 ms
Avg:		12.66 ms
StdDev:		0.38 ms
SampleCount:	10
Sum:		126.62 ms
First samples:	▁▄▆▂▁█▂▂▁▃
(not enough samples for histogram)

FormatTimeSpan_CustomFormat_性能_TimeUtils_GC in Bytes
Min:		274432.00 b
Median:		274432.00 b
Max:		274432.00 b
Avg:		274432.00 b
StdDev:		0.00 b
SampleCount:	10
Sum:		2744320.00 b
First samples:	▁▁▁▁▁▁▁▁▁▁
(not enough samples for histogram)


##performancetestresult2:{"Name":"TByd.Core.Utils.Tests.Editor.Performance.TimeUtilsPerformanceTests.FormatTimeSpan_CustomFormat_Performance","ClassName":"TByd.Core.Utils.Tests.Editor.Performance.TimeUtilsPerformanceTests","MethodName":"FormatTimeSpan_CustomFormat_Performance","Version":"1","Categories":["Performance"],"SampleGroups":[{"Name":"FormatTimeSpan_CustomFormat_性能_Baseline","Unit":2,"IncreaseIsBetter":false,"Samples":[9.1094970703125,9.090423583984375,9.05609130859375,9.441375732421875,9.685516357421875,9.14764404296875,9.059906005859375,9.0484619140625,9.059906005859375,9.0484619140625],"Min":9.0484619140625,"Max":9.685516357421875,"Median":9.075164794921875,"Average":9.174728393554688,"StandardDeviation":0.20406633796357777,"Sum":91.74728393554688},{"Name":"FormatTimeSpan_CustomFormat_性能_Baseline_GC","Unit":4,"IncreaseIsBetter":false,"Samples":[0.0,0.0,0.0,0.0,0.0,0.0,0.0,0.0,0.0,0.0],"Min":0.0,"Max":0.0,"Median":0.0,"Average":0.0,"StandardDeviation":0.0,"Sum":0.0},{"Name":"FormatTimeSpan_CustomFormat_性能_TimeUtils","Unit":2,"IncreaseIsBetter":false,"Samples":[12.271881103515625,12.775421142578125,13.153076171875,12.5274658203125,12.332916259765625,13.523101806640625,12.516021728515625,12.523651123046875,12.3138427734375,12.683868408203125],"Min":12.271881103515625,"Max":13.523101806640625,"Median":12.525558471679688,"Average":12.662124633789063,"StandardDeviation":0.3789784142139067,"Sum":126.62124633789063},{"Name":"FormatTimeSpan_CustomFormat_性能_TimeUtils_GC","Unit":4,"IncreaseIsBetter":false,"Samples":[274432.0,274432.0,274432.0,274432.0,274432.0,274432.0,274432.0,274432.0,274432.0,274432.0],"Min":274432.0,"Max":274432.0,"Median":274432.0,"Average":274432.0,"StandardDeviation":0.0,"Sum":2744320.0}]}
]]></output>
                    </test-case>
                    <test-case id="1287" name="FormatTimeSpan_Performance" fullname="TByd.Core.Utils.Tests.Editor.Performance.TimeUtilsPerformanceTests.FormatTimeSpan_Performance" methodname="FormatTimeSpan_Performance" classname="TByd.Core.Utils.Tests.Editor.Performance.TimeUtilsPerformanceTests" runstate="Runnable" seed="1977980888" result="Passed" start-time="2025-03-24 03:55:31Z" end-time="2025-03-24 03:55:32Z" duration="0.737204" asserts="0">
                      <properties>
                        <property name="Category" value="Performance" />
                        <property name="retryIteration" value="0" />
                        <property name="repeatIteration" value="0" />
                      </properties>
                      <output><![CDATA[Time.GC() in Undefineds
Min:		40002.00 
Median:		40003.00 
Max:		40010.00 
Avg:		40003.20 
StdDev:		1.92 
SampleCount:	25
Sum:		1000080.00 
First samples:	▇▁▁▁▁▁▁▁▁▂▂▂▂▂▂▂▂▂▂█▂▂▂▂▂
Histogram:	█▂▂▁▁▂▁▁▂▂

Time in Milliseconds
Min:		15.06 ms
Median:		15.21 ms
Max:		15.67 ms
Avg:		15.25 ms
StdDev:		0.16 ms
SampleCount:	20
Sum:		305.03 ms
First samples:	▁▂▃▃▁▃▂▅▄▂▄▃▁▇▆▄▂█▂▂
Histogram:	█▂▂▁▂▂▁▁▂▂


##performancetestresult2:{"Name":"TByd.Core.Utils.Tests.Editor.Performance.TimeUtilsPerformanceTests.FormatTimeSpan_Performance","ClassName":"TByd.Core.Utils.Tests.Editor.Performance.TimeUtilsPerformanceTests","MethodName":"FormatTimeSpan_Performance","Version":"1","Categories":["Performance"],"SampleGroups":[{"Name":"Time.GC()","Unit":8,"IncreaseIsBetter":false,"Samples":[40009.0,40002.0,40002.0,40002.0,40002.0,40002.0,40002.0,40002.0,40002.0,40003.0,40003.0,40003.0,40003.0,40003.0,40003.0,40003.0,40003.0,40003.0,40003.0,40010.0,40003.0,40003.0,40003.0,40003.0,40003.0],"Min":40002.0,"Max":40010.0,"Median":40003.0,"Average":40003.2,"StandardDeviation":1.9183326093250877,"Sum":1000080.0},{"Name":"Time","Unit":2,"IncreaseIsBetter":false,"Samples":[15.05879999999999,15.135599999999983,15.275200000000013,15.191900000000004,15.086400000000026,15.22829999999999,15.127099999999985,15.37869999999998,15.301500000000033,15.182999999999993,15.322600000000023,15.262200000000007,15.084000000000004,15.587599999999953,15.451599999999985,15.294399999999996,15.118600000000015,15.666999999999917,15.148800000000052,15.123499999999922],"Min":15.05879999999999,"Max":15.666999999999917,"Median":15.210099999999997,"Average":15.251339999999994,"StandardDeviation":0.16226932365667619,"Sum":305.02679999999989}]}
]]></output>
                    </test-case>
                    <test-case id="1295" name="GetDayOfWeek_Performance" fullname="TByd.Core.Utils.Tests.Editor.Performance.TimeUtilsPerformanceTests.GetDayOfWeek_Performance" methodname="GetDayOfWeek_Performance" classname="TByd.Core.Utils.Tests.Editor.Performance.TimeUtilsPerformanceTests" runstate="Runnable" seed="81000782" result="Passed" start-time="2025-03-24 03:55:32Z" end-time="2025-03-24 03:55:32Z" duration="0.371773" asserts="0">
                      <properties>
                        <property name="Category" value="Performance" />
                        <property name="retryIteration" value="0" />
                        <property name="repeatIteration" value="0" />
                      </properties>
                      <output><![CDATA[Time.GC() in Undefineds
Min:		3.00 
Median:		3.00 
Max:		10.00 
Avg:		3.28 
StdDev:		1.37 
SampleCount:	25
Sum:		82.00 
First samples:	▁▁▁▁▁▁▁▁▁▁▁▁▁▁▁▁▁▁▁▁▁▁█▁▁
Histogram:	█▂▂▁▁▂▁▁▂▂

Time in Milliseconds
Min:		0.31 ms
Median:		0.31 ms
Max:		0.32 ms
Avg:		0.31 ms
StdDev:		0.00 ms
SampleCount:	20
Sum:		6.23 ms
First samples:	▃▅▃▃▄▂▅▆▆▁▃▃▆▃▃▇█▅▆▃
Histogram:	█▂▂▁▁▂▁▁▂▂


##performancetestresult2:{"Name":"TByd.Core.Utils.Tests.Editor.Performance.TimeUtilsPerformanceTests.GetDayOfWeek_Performance","ClassName":"TByd.Core.Utils.Tests.Editor.Performance.TimeUtilsPerformanceTests","MethodName":"GetDayOfWeek_Performance","Version":"1","Categories":["Performance"],"SampleGroups":[{"Name":"Time.GC()","Unit":8,"IncreaseIsBetter":false,"Samples":[3.0,3.0,3.0,3.0,3.0,3.0,3.0,3.0,3.0,3.0,3.0,3.0,3.0,3.0,3.0,3.0,3.0,3.0,3.0,3.0,3.0,3.0,10.0,3.0,3.0],"Min":3.0,"Max":10.0,"Median":3.0,"Average":3.28,"StandardDeviation":1.3717142559585798,"Sum":82.0},{"Name":"Time","Unit":2,"IncreaseIsBetter":false,"Samples":[0.30859999999999845,0.313200000000009,0.30870000000000177,0.30930000000000748,0.3106999999999971,0.3083000000000027,0.3123999999999967,0.31399999999999297,0.3141999999999996,0.30580000000000498,0.30920000000000416,0.3096000000000174,0.31389999999998965,0.30939999999998238,0.30929999999997906,0.3158999999999992,0.31799999999998365,0.3131999999999948,0.31440000000003467,0.3091000000000008],"Min":0.30580000000000498,"Max":0.31799999999998365,"Median":0.31015000000000728,"Average":0.3113599999999998,"StandardDeviation":0.0030322269044373518,"Sum":6.227199999999996}]}
]]></output>
                    </test-case>
                    <test-case id="1294" name="GetDaysBetween_Performance" fullname="TByd.Core.Utils.Tests.Editor.Performance.TimeUtilsPerformanceTests.GetDaysBetween_Performance" methodname="GetDaysBetween_Performance" classname="TByd.Core.Utils.Tests.Editor.Performance.TimeUtilsPerformanceTests" runstate="Runnable" seed="1016102966" result="Passed" start-time="2025-03-24 03:55:32Z" end-time="2025-03-24 03:55:32Z" duration="0.362440" asserts="0">
                      <properties>
                        <property name="Category" value="Performance" />
                        <property name="retryIteration" value="0" />
                        <property name="repeatIteration" value="0" />
                      </properties>
                      <output><![CDATA[Time.GC() in Undefineds
Min:		2.00 
Median:		3.00 
Max:		3.00 
Avg:		2.76 
StdDev:		0.43 
SampleCount:	25
Sum:		69.00 
First samples:	███████████████████▁▁▁▁▁▁
Histogram:	█▂▂▁▁▂▁▁▂▂

Time in Milliseconds
Min:		0.76 ms
Median:		0.77 ms
Max:		0.82 ms
Avg:		0.77 ms
StdDev:		0.01 ms
SampleCount:	20
Sum:		15.48 ms
First samples:	▄▂▃▃▂▂▃▃▃▂█▂▃▃▁▃▁▄▄▄
Histogram:	█▃▂▁▁▂▁▁▂▂


##performancetestresult2:{"Name":"TByd.Core.Utils.Tests.Editor.Performance.TimeUtilsPerformanceTests.GetDaysBetween_Performance","ClassName":"TByd.Core.Utils.Tests.Editor.Performance.TimeUtilsPerformanceTests","MethodName":"GetDaysBetween_Performance","Version":"1","Categories":["Performance"],"SampleGroups":[{"Name":"Time.GC()","Unit":8,"IncreaseIsBetter":false,"Samples":[3.0,3.0,3.0,3.0,3.0,3.0,3.0,3.0,3.0,3.0,3.0,3.0,3.0,3.0,3.0,3.0,3.0,3.0,3.0,2.0,2.0,2.0,2.0,2.0,2.0],"Min":2.0,"Max":3.0,"Median":3.0,"Average":2.76,"StandardDeviation":0.4270831300812524,"Sum":69.0},{"Name":"Time","Unit":2,"IncreaseIsBetter":false,"Samples":[0.7836999999999961,0.7681999999999931,0.7760999999999996,0.7712999999999965,0.7604999999999933,0.7656000000000063,0.7750000000000057,0.7744000000000142,0.7751999999999839,0.7669999999999959,0.819800000000015,0.7674999999999841,0.7690999999999804,0.7709000000000117,0.7551000000000272,0.7719000000000165,0.7579000000000065,0.7826999999999771,0.7857999999999947,0.7817000000000007],"Min":0.7551000000000272,"Max":0.819800000000015,"Median":0.7716000000000065,"Average":0.7739699999999999,"StandardDeviation":0.013252135676939052,"Sum":15.479399999999999}]}
]]></output>
                    </test-case>
                    <test-case id="1290" name="GetUtcNow_Performance" fullname="TByd.Core.Utils.Tests.Editor.Performance.TimeUtilsPerformanceTests.GetUtcNow_Performance" methodname="GetUtcNow_Performance" classname="TByd.Core.Utils.Tests.Editor.Performance.TimeUtilsPerformanceTests" runstate="Runnable" seed="1037714777" result="Passed" start-time="2025-03-24 03:55:32Z" end-time="2025-03-24 03:55:33Z" duration="0.350036" asserts="0">
                      <properties>
                        <property name="Category" value="Performance" />
                        <property name="retryIteration" value="0" />
                        <property name="repeatIteration" value="0" />
                      </properties>
                      <output><![CDATA[Time.GC() in Undefineds
Min:		2.00 
Median:		3.00 
Max:		10.00 
Avg:		3.20 
StdDev:		1.41 
SampleCount:	25
Sum:		80.00 
First samples:	▁▁▂▂█▂▂▂▂▂▂▂▂▂▂▂▂▂▂▂▂▂▂▂▂
Histogram:	█▃▂▁▁▂▁▁▂▂

Time in Milliseconds
Min:		0.25 ms
Median:		0.25 ms
Max:		0.25 ms
Avg:		0.25 ms
StdDev:		0.00 ms
SampleCount:	20
Sum:		4.98 ms
First samples:	█▁▂▁▂▁▂▆▁▄▃▁▁▃▁▂▃▅▂▄
Histogram:	█▃▂▁▁▂▁▁▂▂


##performancetestresult2:{"Name":"TByd.Core.Utils.Tests.Editor.Performance.TimeUtilsPerformanceTests.GetUtcNow_Performance","ClassName":"TByd.Core.Utils.Tests.Editor.Performance.TimeUtilsPerformanceTests","MethodName":"GetUtcNow_Performance","Version":"1","Categories":["Performance"],"SampleGroups":[{"Name":"Time.GC()","Unit":8,"IncreaseIsBetter":false,"Samples":[2.0,2.0,3.0,3.0,10.0,3.0,3.0,3.0,3.0,3.0,3.0,3.0,3.0,3.0,3.0,3.0,3.0,3.0,3.0,3.0,3.0,3.0,3.0,3.0,3.0],"Min":2.0,"Max":10.0,"Median":3.0,"Average":3.2,"StandardDeviation":1.4142135623730948,"Sum":80.0},{"Name":"Time","Unit":2,"IncreaseIsBetter":false,"Samples":[0.25499999999999548,0.24750000000000228,0.24779999999999803,0.24759999999999139,0.24779999999999803,0.24750000000000228,0.24790000000001556,0.2522999999999911,0.247099999999989,0.25020000000000666,0.24989999999999669,0.24729999999999564,0.24739999999999896,0.24960000000001515,0.24750000000000228,0.24780000000001224,0.248800000000017,0.251700000000028,0.24769999999995208,0.2506000000000199],"Min":0.247099999999989,"Max":0.25499999999999548,"Median":0.24780000000000514,"Average":0.2489500000000014,"StandardDeviation":0.002053411795040877,"Sum":4.979000000000028}]}
]]></output>
                    </test-case>
                    <test-case id="1292" name="TimeConversion_Performance" fullname="TByd.Core.Utils.Tests.Editor.Performance.TimeUtilsPerformanceTests.TimeConversion_Performance" methodname="TimeConversion_Performance" classname="TByd.Core.Utils.Tests.Editor.Performance.TimeUtilsPerformanceTests" runstate="Runnable" seed="1509705576" result="Passed" start-time="2025-03-24 03:55:33Z" end-time="2025-03-24 03:55:33Z" duration="0.562406" asserts="0">
                      <properties>
                        <property name="Category" value="Performance" />
                        <property name="retryIteration" value="0" />
                        <property name="repeatIteration" value="0" />
                      </properties>
                      <output><![CDATA[Time.GC() in Undefineds
Min:		3.00 
Median:		3.00 
Max:		10.00 
Avg:		3.28 
StdDev:		1.37 
SampleCount:	25
Sum:		82.00 
First samples:	▁▁▁▁▁▁▁▁▁▁█▁▁▁▁▁▁▁▁▁▁▁▁▁▁
Histogram:	█▃▂▁▁▂▁▁▂▂

Time in Milliseconds
Min:		8.33 ms
Median:		8.48 ms
Max:		8.65 ms
Avg:		8.48 ms
StdDev:		0.07 ms
SampleCount:	20
Sum:		169.55 ms
First samples:	▁▄▆▄▄▅▄▅▆▄▄▆▃▄▃▄▄▁█▃
Histogram:	█▃▂▁▁▂▁▁▂▂


##performancetestresult2:{"Name":"TByd.Core.Utils.Tests.Editor.Performance.TimeUtilsPerformanceTests.TimeConversion_Performance","ClassName":"TByd.Core.Utils.Tests.Editor.Performance.TimeUtilsPerformanceTests","MethodName":"TimeConversion_Performance","Version":"1","Categories":["Performance"],"SampleGroups":[{"Name":"Time.GC()","Unit":8,"IncreaseIsBetter":false,"Samples":[3.0,3.0,3.0,3.0,3.0,3.0,3.0,3.0,3.0,3.0,10.0,3.0,3.0,3.0,3.0,3.0,3.0,3.0,3.0,3.0,3.0,3.0,3.0,3.0,3.0],"Min":3.0,"Max":10.0,"Median":3.0,"Average":3.28,"StandardDeviation":1.3717142559585803,"Sum":82.0},{"Name":"Time","Unit":2,"IncreaseIsBetter":false,"Samples":[8.346999999999995,8.484199999999987,8.5471,8.46980000000002,8.47890000000001,8.50369999999998,8.481099999999998,8.4957,8.536699999999997,8.472700000000032,8.477800000000002,8.543300000000045,8.44319999999999,8.469899999999996,8.436200000000042,8.483299999999986,8.477800000000002,8.332600000000014,8.648799999999995,8.41620000000006],"Min":8.332600000000014,"Max":8.648799999999995,"Median":8.478350000000006,"Average":8.477300000000009,"StandardDeviation":0.06630944879879075,"Sum":169.54600000000017}]}
]]></output>
                    </test-case>
                    <test-case id="1296" name="TimeUtils_GCAllocation" fullname="TByd.Core.Utils.Tests.Editor.Performance.TimeUtilsPerformanceTests.TimeUtils_GCAllocation" methodname="TimeUtils_GCAllocation" classname="TByd.Core.Utils.Tests.Editor.Performance.TimeUtilsPerformanceTests" runstate="Runnable" seed="892716577" result="Passed" start-time="2025-03-24 03:55:33Z" end-time="2025-03-24 03:55:34Z" duration="0.221431" asserts="0">
                      <properties>
                        <property name="Category" value="Performance" />
                        <property name="retryIteration" value="0" />
                        <property name="repeatIteration" value="0" />
                      </properties>
                      <output><![CDATA[
##performancetestresult2:{"Name":"TByd.Core.Utils.Tests.Editor.Performance.TimeUtilsPerformanceTests.TimeUtils_GCAllocation","ClassName":"TByd.Core.Utils.Tests.Editor.Performance.TimeUtilsPerformanceTests","MethodName":"TimeUtils_GCAllocation","Version":"1","Categories":["Performance"],"SampleGroups":[]}
]]></output>
                    </test-case>
                    <test-case id="1293" name="TimeZoneConversion_Performance" fullname="TByd.Core.Utils.Tests.Editor.Performance.TimeUtilsPerformanceTests.TimeZoneConversion_Performance" methodname="TimeZoneConversion_Performance" classname="TByd.Core.Utils.Tests.Editor.Performance.TimeUtilsPerformanceTests" runstate="Runnable" seed="943042405" result="Passed" start-time="2025-03-24 03:55:34Z" end-time="2025-03-24 03:55:35Z" duration="0.966172" asserts="0">
                      <properties>
                        <property name="Category" value="Performance" />
                        <property name="retryIteration" value="0" />
                        <property name="repeatIteration" value="0" />
                      </properties>
                      <output><![CDATA[Time.GC() in Undefineds
Min:		10003.00 
Median:		10003.00 
Max:		10010.00 
Avg:		10003.36 
StdDev:		1.38 
SampleCount:	25
Sum:		250084.00 
First samples:	▂▁▁▁▂▁▁▁▁▁▁▁█▁▁▁▁▁▁▁▁▁▁▁▁
Histogram:	█▃▂▁▁▂▁▁▂▂

Time in Milliseconds
Min:		23.91 ms
Median:		24.23 ms
Max:		24.76 ms
Avg:		24.26 ms
StdDev:		0.23 ms
SampleCount:	20
Sum:		485.14 ms
First samples:	▂▂▄▄▃▃▇▃▂▁▃▄▄█▂▆▄▆▇▂
Histogram:	█▃▂▁▁▂▁▁▂▂


##performancetestresult2:{"Name":"TByd.Core.Utils.Tests.Editor.Performance.TimeUtilsPerformanceTests.TimeZoneConversion_Performance","ClassName":"TByd.Core.Utils.Tests.Editor.Performance.TimeUtilsPerformanceTests","MethodName":"TimeZoneConversion_Performance","Version":"1","Categories":["Performance"],"SampleGroups":[{"Name":"Time.GC()","Unit":8,"IncreaseIsBetter":false,"Samples":[10004.0,10003.0,10003.0,10003.0,10004.0,10003.0,10003.0,10003.0,10003.0,10003.0,10003.0,10003.0,10010.0,10003.0,10003.0,10003.0,10003.0,10003.0,10003.0,10003.0,10003.0,10003.0,10003.0,10003.0,10003.0],"Min":10003.0,"Max":10010.0,"Median":10003.0,"Average":10003.36,"StandardDeviation":1.382172203453679,"Sum":250084.0},{"Name":"Time","Unit":2,"IncreaseIsBetter":false,"Samples":[24.020200000000018,24.031200000000014,24.32370000000003,24.272500000000038,24.18119999999999,24.20229999999998,24.585499999999969,24.160000000000026,24.024699999999997,23.912300000000074,24.167500000000019,24.28920000000005,24.264800000000038,24.764099999999986,23.979000000000043,24.489599999999997,24.27909999999997,24.46270000000004,24.680099999999926,24.051599999999895],"Min":23.912300000000074,"Max":24.764099999999986,"Median":24.233550000000009,"Average":24.257065000000006,"StandardDeviation":0.2315424437872975,"Sum":485.1413000000001}]}
Saving results to: C:/Users/admin/AppData/LocalLow/tbyd/core_utils\TestResults.xml
]]></output>
                    </test-case>
                  </test-suite>
                </test-suite>
              </test-suite>
            </test-suite>
          </test-suite>
        </test-suite>
      </test-suite>
    </test-suite>
  </test-suite>
</test-run>